running egg_info
creating build/Ros_lidar_bot/Ros_lidar_bot.egg-info
writing build/Ros_lidar_bot/Ros_lidar_bot.egg-info/PKG-INFO
writing dependency_links to build/Ros_lidar_bot/Ros_lidar_bot.egg-info/dependency_links.txt
writing entry points to build/Ros_lidar_bot/Ros_lidar_bot.egg-info/entry_points.txt
writing requirements to build/Ros_lidar_bot/Ros_lidar_bot.egg-info/requires.txt
writing top-level names to build/Ros_lidar_bot/Ros_lidar_bot.egg-info/top_level.txt
writing manifest file 'build/Ros_lidar_bot/Ros_lidar_bot.egg-info/SOURCES.txt'
reading manifest file 'build/Ros_lidar_bot/Ros_lidar_bot.egg-info/SOURCES.txt'
adding license file 'LICENSE.md'
writing manifest file 'build/Ros_lidar_bot/Ros_lidar_bot.egg-info/SOURCES.txt'
running build
running build_py
creating /home/amey/Desktop/ros2_ws/src/Ros_lidar_bot/build/Ros_lidar_bot/build
creating /home/amey/Desktop/ros2_ws/src/Ros_lidar_bot/build/Ros_lidar_bot/build/lib
creating /home/amey/Desktop/ros2_ws/src/Ros_lidar_bot/build/Ros_lidar_bot/build/lib/Ros_lidar_bot
copying Ros_lidar_bot/yolo.py -> /home/amey/Desktop/ros2_ws/src/Ros_lidar_bot/build/Ros_lidar_bot/build/lib/Ros_lidar_bot
copying Ros_lidar_bot/__init__.py -> /home/amey/Desktop/ros2_ws/src/Ros_lidar_bot/build/Ros_lidar_bot/build/lib/Ros_lidar_bot
copying Ros_lidar_bot/teleop_node.py -> /home/amey/Desktop/ros2_ws/src/Ros_lidar_bot/build/Ros_lidar_bot/build/lib/Ros_lidar_bot
copying Ros_lidar_bot/driver_control.py -> /home/amey/Desktop/ros2_ws/src/Ros_lidar_bot/build/Ros_lidar_bot/build/lib/Ros_lidar_bot
copying Ros_lidar_bot/semantic_slam_node.py -> /home/amey/Desktop/ros2_ws/src/Ros_lidar_bot/build/Ros_lidar_bot/build/lib/Ros_lidar_bot
copying Ros_lidar_bot/safety_stop_node.py -> /home/amey/Desktop/ros2_ws/src/Ros_lidar_bot/build/Ros_lidar_bot/build/lib/Ros_lidar_bot
copying Ros_lidar_bot/driver_node.py -> /home/amey/Desktop/ros2_ws/src/Ros_lidar_bot/build/Ros_lidar_bot/build/lib/Ros_lidar_bot
copying Ros_lidar_bot/imu_node.py -> /home/amey/Desktop/ros2_ws/src/Ros_lidar_bot/build/Ros_lidar_bot/build/lib/Ros_lidar_bot
copying Ros_lidar_bot/frontier_explorer_node.py -> /home/amey/Desktop/ros2_ws/src/Ros_lidar_bot/build/Ros_lidar_bot/build/lib/Ros_lidar_bot
copying Ros_lidar_bot/non_safety_teleop_node.py -> /home/amey/Desktop/ros2_ws/src/Ros_lidar_bot/build/Ros_lidar_bot/build/lib/Ros_lidar_bot
copying Ros_lidar_bot/lidar_node.py -> /home/amey/Desktop/ros2_ws/src/Ros_lidar_bot/build/Ros_lidar_bot/build/lib/Ros_lidar_bot
copying Ros_lidar_bot/odom_node.py -> /home/amey/Desktop/ros2_ws/src/Ros_lidar_bot/build/Ros_lidar_bot/build/lib/Ros_lidar_bot
running install
running install_lib
creating /home/amey/Desktop/ros2_ws/src/Ros_lidar_bot/install/Ros_lidar_bot/lib/python3.10/site-packages/Ros_lidar_bot
copying /home/amey/Desktop/ros2_ws/src/Ros_lidar_bot/build/Ros_lidar_bot/build/lib/Ros_lidar_bot/yolo.py -> /home/amey/Desktop/ros2_ws/src/Ros_lidar_bot/install/Ros_lidar_bot/lib/python3.10/site-packages/Ros_lidar_bot
copying /home/amey/Desktop/ros2_ws/src/Ros_lidar_bot/build/Ros_lidar_bot/build/lib/Ros_lidar_bot/__init__.py -> /home/amey/Desktop/ros2_ws/src/Ros_lidar_bot/install/Ros_lidar_bot/lib/python3.10/site-packages/Ros_lidar_bot
copying /home/amey/Desktop/ros2_ws/src/Ros_lidar_bot/build/Ros_lidar_bot/build/lib/Ros_lidar_bot/teleop_node.py -> /home/amey/Desktop/ros2_ws/src/Ros_lidar_bot/install/Ros_lidar_bot/lib/python3.10/site-packages/Ros_lidar_bot
copying /home/amey/Desktop/ros2_ws/src/Ros_lidar_bot/build/Ros_lidar_bot/build/lib/Ros_lidar_bot/driver_control.py -> /home/amey/Desktop/ros2_ws/src/Ros_lidar_bot/install/Ros_lidar_bot/lib/python3.10/site-packages/Ros_lidar_bot
copying /home/amey/Desktop/ros2_ws/src/Ros_lidar_bot/build/Ros_lidar_bot/build/lib/Ros_lidar_bot/semantic_slam_node.py -> /home/amey/Desktop/ros2_ws/src/Ros_lidar_bot/install/Ros_lidar_bot/lib/python3.10/site-packages/Ros_lidar_bot
copying /home/amey/Desktop/ros2_ws/src/Ros_lidar_bot/build/Ros_lidar_bot/build/lib/Ros_lidar_bot/safety_stop_node.py -> /home/amey/Desktop/ros2_ws/src/Ros_lidar_bot/install/Ros_lidar_bot/lib/python3.10/site-packages/Ros_lidar_bot
copying /home/amey/Desktop/ros2_ws/src/Ros_lidar_bot/build/Ros_lidar_bot/build/lib/Ros_lidar_bot/driver_node.py -> /home/amey/Desktop/ros2_ws/src/Ros_lidar_bot/install/Ros_lidar_bot/lib/python3.10/site-packages/Ros_lidar_bot
copying /home/amey/Desktop/ros2_ws/src/Ros_lidar_bot/build/Ros_lidar_bot/build/lib/Ros_lidar_bot/imu_node.py -> /home/amey/Desktop/ros2_ws/src/Ros_lidar_bot/install/Ros_lidar_bot/lib/python3.10/site-packages/Ros_lidar_bot
copying /home/amey/Desktop/ros2_ws/src/Ros_lidar_bot/build/Ros_lidar_bot/build/lib/Ros_lidar_bot/frontier_explorer_node.py -> /home/amey/Desktop/ros2_ws/src/Ros_lidar_bot/install/Ros_lidar_bot/lib/python3.10/site-packages/Ros_lidar_bot
copying /home/amey/Desktop/ros2_ws/src/Ros_lidar_bot/build/Ros_lidar_bot/build/lib/Ros_lidar_bot/non_safety_teleop_node.py -> /home/amey/Desktop/ros2_ws/src/Ros_lidar_bot/install/Ros_lidar_bot/lib/python3.10/site-packages/Ros_lidar_bot
copying /home/amey/Desktop/ros2_ws/src/Ros_lidar_bot/build/Ros_lidar_bot/build/lib/Ros_lidar_bot/lidar_node.py -> /home/amey/Desktop/ros2_ws/src/Ros_lidar_bot/install/Ros_lidar_bot/lib/python3.10/site-packages/Ros_lidar_bot
copying /home/amey/Desktop/ros2_ws/src/Ros_lidar_bot/build/Ros_lidar_bot/build/lib/Ros_lidar_bot/odom_node.py -> /home/amey/Desktop/ros2_ws/src/Ros_lidar_bot/install/Ros_lidar_bot/lib/python3.10/site-packages/Ros_lidar_bot
byte-compiling /home/amey/Desktop/ros2_ws/src/Ros_lidar_bot/install/Ros_lidar_bot/lib/python3.10/site-packages/Ros_lidar_bot/yolo.py to yolo.cpython-310.pyc
byte-compiling /home/amey/Desktop/ros2_ws/src/Ros_lidar_bot/install/Ros_lidar_bot/lib/python3.10/site-packages/Ros_lidar_bot/__init__.py to __init__.cpython-310.pyc
byte-compiling /home/amey/Desktop/ros2_ws/src/Ros_lidar_bot/install/Ros_lidar_bot/lib/python3.10/site-packages/Ros_lidar_bot/teleop_node.py to teleop_node.cpython-310.pyc
byte-compiling /home/amey/Desktop/ros2_ws/src/Ros_lidar_bot/install/Ros_lidar_bot/lib/python3.10/site-packages/Ros_lidar_bot/driver_control.py to driver_control.cpython-310.pyc
byte-compiling /home/amey/Desktop/ros2_ws/src/Ros_lidar_bot/install/Ros_lidar_bot/lib/python3.10/site-packages/Ros_lidar_bot/semantic_slam_node.py to semantic_slam_node.cpython-310.pyc
byte-compiling /home/amey/Desktop/ros2_ws/src/Ros_lidar_bot/install/Ros_lidar_bot/lib/python3.10/site-packages/Ros_lidar_bot/safety_stop_node.py to safety_stop_node.cpython-310.pyc
byte-compiling /home/amey/Desktop/ros2_ws/src/Ros_lidar_bot/install/Ros_lidar_bot/lib/python3.10/site-packages/Ros_lidar_bot/driver_node.py to driver_node.cpython-310.pyc
byte-compiling /home/amey/Desktop/ros2_ws/src/Ros_lidar_bot/install/Ros_lidar_bot/lib/python3.10/site-packages/Ros_lidar_bot/imu_node.py to imu_node.cpython-310.pyc
byte-compiling /home/amey/Desktop/ros2_ws/src/Ros_lidar_bot/install/Ros_lidar_bot/lib/python3.10/site-packages/Ros_lidar_bot/frontier_explorer_node.py to frontier_explorer_node.cpython-310.pyc
byte-compiling /home/amey/Desktop/ros2_ws/src/Ros_lidar_bot/install/Ros_lidar_bot/lib/python3.10/site-packages/Ros_lidar_bot/non_safety_teleop_node.py to non_safety_teleop_node.cpython-310.pyc
byte-compiling /home/amey/Desktop/ros2_ws/src/Ros_lidar_bot/install/Ros_lidar_bot/lib/python3.10/site-packages/Ros_lidar_bot/lidar_node.py to lidar_node.cpython-310.pyc
byte-compiling /home/amey/Desktop/ros2_ws/src/Ros_lidar_bot/install/Ros_lidar_bot/lib/python3.10/site-packages/Ros_lidar_bot/odom_node.py to odom_node.cpython-310.pyc
running install_data
copying package.xml -> /home/amey/Desktop/ros2_ws/src/Ros_lidar_bot/install/Ros_lidar_bot/share/Ros_lidar_bot
creating /home/amey/Desktop/ros2_ws/src/Ros_lidar_bot/install/Ros_lidar_bot/share/Ros_lidar_bot/launch
copying launch/autonomous_robot.launch.py -> /home/amey/Desktop/ros2_ws/src/Ros_lidar_bot/install/Ros_lidar_bot/share/Ros_lidar_bot/launch
copying launch/rsp.launch.py -> /home/amey/Desktop/ros2_ws/src/Ros_lidar_bot/install/Ros_lidar_bot/share/Ros_lidar_bot/launch
copying launch/launch_robot.launch.py -> /home/amey/Desktop/ros2_ws/src/Ros_lidar_bot/install/Ros_lidar_bot/share/Ros_lidar_bot/launch
creating /home/amey/Desktop/ros2_ws/src/Ros_lidar_bot/install/Ros_lidar_bot/share/Ros_lidar_bot/config
copying config/mapper_params_online_sync.yaml -> /home/amey/Desktop/ros2_ws/src/Ros_lidar_bot/install/Ros_lidar_bot/share/Ros_lidar_bot/config
copying config/mapper_params_offline.yaml -> /home/amey/Desktop/ros2_ws/src/Ros_lidar_bot/install/Ros_lidar_bot/share/Ros_lidar_bot/config
copying config/mapper_params_localization.yaml -> /home/amey/Desktop/ros2_ws/src/Ros_lidar_bot/install/Ros_lidar_bot/share/Ros_lidar_bot/config
copying config/nav2_params.yaml -> /home/amey/Desktop/ros2_ws/src/Ros_lidar_bot/install/Ros_lidar_bot/share/Ros_lidar_bot/config
copying config/frontier_explorer.yaml -> /home/amey/Desktop/ros2_ws/src/Ros_lidar_bot/install/Ros_lidar_bot/share/Ros_lidar_bot/config
copying config/mapper_params_lifelong.yaml -> /home/amey/Desktop/ros2_ws/src/Ros_lidar_bot/install/Ros_lidar_bot/share/Ros_lidar_bot/config
copying config/mapper_params_online_async.yaml -> /home/amey/Desktop/ros2_ws/src/Ros_lidar_bot/install/Ros_lidar_bot/share/Ros_lidar_bot/config
copying config/ekf.yaml -> /home/amey/Desktop/ros2_ws/src/Ros_lidar_bot/install/Ros_lidar_bot/share/Ros_lidar_bot/config
creating /home/amey/Desktop/ros2_ws/src/Ros_lidar_bot/install/Ros_lidar_bot/share/Ros_lidar_bot/description
copying description/imu.xacro -> /home/amey/Desktop/ros2_ws/src/Ros_lidar_bot/install/Ros_lidar_bot/share/Ros_lidar_bot/description
copying description/camera.xacro -> /home/amey/Desktop/ros2_ws/src/Ros_lidar_bot/install/Ros_lidar_bot/share/Ros_lidar_bot/description
copying description/lidar.xacro -> /home/amey/Desktop/ros2_ws/src/Ros_lidar_bot/install/Ros_lidar_bot/share/Ros_lidar_bot/description
copying description/slam.xacro -> /home/amey/Desktop/ros2_ws/src/Ros_lidar_bot/install/Ros_lidar_bot/share/Ros_lidar_bot/description
copying description/robot.urdf.xacro -> /home/amey/Desktop/ros2_ws/src/Ros_lidar_bot/install/Ros_lidar_bot/share/Ros_lidar_bot/description
creating /home/amey/Desktop/ros2_ws/src/Ros_lidar_bot/install/Ros_lidar_bot/share/Ros_lidar_bot/meshes
copying meshes/ball_caster_wheel_1.stl -> /home/amey/Desktop/ros2_ws/src/Ros_lidar_bot/install/Ros_lidar_bot/share/Ros_lidar_bot/meshes
copying meshes/ball_caster_wheel__1__1.stl -> /home/amey/Desktop/ros2_ws/src/Ros_lidar_bot/install/Ros_lidar_bot/share/Ros_lidar_bot/meshes
copying meshes/wheel_urdf_1.stl -> /home/amey/Desktop/ros2_ws/src/Ros_lidar_bot/install/Ros_lidar_bot/share/Ros_lidar_bot/meshes
copying meshes/base_link.stl -> /home/amey/Desktop/ros2_ws/src/Ros_lidar_bot/install/Ros_lidar_bot/share/Ros_lidar_bot/meshes
copying meshes/wheel_urdf__1__1.stl -> /home/amey/Desktop/ros2_ws/src/Ros_lidar_bot/install/Ros_lidar_bot/share/Ros_lidar_bot/meshes
copying meshes/imu_for_urdf_1.stl -> /home/amey/Desktop/ros2_ws/src/Ros_lidar_bot/install/Ros_lidar_bot/share/Ros_lidar_bot/meshes
copying meshes/lidar_urdf_1.stl -> /home/amey/Desktop/ros2_ws/src/Ros_lidar_bot/install/Ros_lidar_bot/share/Ros_lidar_bot/meshes
running install_egg_info
Copying build/Ros_lidar_bot/Ros_lidar_bot.egg-info to /home/amey/Desktop/ros2_ws/src/Ros_lidar_bot/install/Ros_lidar_bot/lib/python3.10/site-packages/Ros_lidar_bot-0.0.0-py3.10.egg-info
running install_scripts
Installing driver_control script to /home/amey/Desktop/ros2_ws/src/Ros_lidar_bot/install/Ros_lidar_bot/lib/Ros_lidar_bot
Installing driver_node script to /home/amey/Desktop/ros2_ws/src/Ros_lidar_bot/install/Ros_lidar_bot/lib/Ros_lidar_bot
Installing frontier_explorer_node script to /home/amey/Desktop/ros2_ws/src/Ros_lidar_bot/install/Ros_lidar_bot/lib/Ros_lidar_bot
Installing imu_node script to /home/amey/Desktop/ros2_ws/src/Ros_lidar_bot/install/Ros_lidar_bot/lib/Ros_lidar_bot
Installing lidar_node script to /home/amey/Desktop/ros2_ws/src/Ros_lidar_bot/install/Ros_lidar_bot/lib/Ros_lidar_bot
Installing non_safety_teleop script to /home/amey/Desktop/ros2_ws/src/Ros_lidar_bot/install/Ros_lidar_bot/lib/Ros_lidar_bot
Installing odom_node script to /home/amey/Desktop/ros2_ws/src/Ros_lidar_bot/install/Ros_lidar_bot/lib/Ros_lidar_bot
Installing safety_stop_node script to /home/amey/Desktop/ros2_ws/src/Ros_lidar_bot/install/Ros_lidar_bot/lib/Ros_lidar_bot
Installing semantic_slam_node script to /home/amey/Desktop/ros2_ws/src/Ros_lidar_bot/install/Ros_lidar_bot/lib/Ros_lidar_bot
Installing teleop_node script to /home/amey/Desktop/ros2_ws/src/Ros_lidar_bot/install/Ros_lidar_bot/lib/Ros_lidar_bot
Installing yolo script to /home/amey/Desktop/ros2_ws/src/Ros_lidar_bot/install/Ros_lidar_bot/lib/Ros_lidar_bot
writing list of installed files to '/home/amey/Desktop/ros2_ws/src/Ros_lidar_bot/build/Ros_lidar_bot/install.log'
