/home/amey/Desktop/ros2_ws/src/Ros_lidar_bot/install/Ros_lidar_bot/lib/python3.10/site-packages/Ros_lidar_bot/yolo.py
/home/amey/Desktop/ros2_ws/src/Ros_lidar_bot/install/Ros_lidar_bot/lib/python3.10/site-packages/Ros_lidar_bot/__init__.py
/home/amey/Desktop/ros2_ws/src/Ros_lidar_bot/install/Ros_lidar_bot/lib/python3.10/site-packages/Ros_lidar_bot/teleop_node.py
/home/amey/Desktop/ros2_ws/src/Ros_lidar_bot/install/Ros_lidar_bot/lib/python3.10/site-packages/Ros_lidar_bot/driver_control.py
/home/amey/Desktop/ros2_ws/src/Ros_lidar_bot/install/Ros_lidar_bot/lib/python3.10/site-packages/Ros_lidar_bot/semantic_slam_node.py
/home/amey/Desktop/ros2_ws/src/Ros_lidar_bot/install/Ros_lidar_bot/lib/python3.10/site-packages/Ros_lidar_bot/safety_stop_node.py
/home/amey/Desktop/ros2_ws/src/Ros_lidar_bot/install/Ros_lidar_bot/lib/python3.10/site-packages/Ros_lidar_bot/driver_node.py
/home/amey/Desktop/ros2_ws/src/Ros_lidar_bot/install/Ros_lidar_bot/lib/python3.10/site-packages/Ros_lidar_bot/imu_node.py
/home/amey/Desktop/ros2_ws/src/Ros_lidar_bot/install/Ros_lidar_bot/lib/python3.10/site-packages/Ros_lidar_bot/frontier_explorer_node.py
/home/amey/Desktop/ros2_ws/src/Ros_lidar_bot/install/Ros_lidar_bot/lib/python3.10/site-packages/Ros_lidar_bot/non_safety_teleop_node.py
/home/amey/Desktop/ros2_ws/src/Ros_lidar_bot/install/Ros_lidar_bot/lib/python3.10/site-packages/Ros_lidar_bot/lidar_node.py
/home/amey/Desktop/ros2_ws/src/Ros_lidar_bot/install/Ros_lidar_bot/lib/python3.10/site-packages/Ros_lidar_bot/odom_node.py
/home/amey/Desktop/ros2_ws/src/Ros_lidar_bot/install/Ros_lidar_bot/lib/python3.10/site-packages/Ros_lidar_bot/__pycache__/yolo.cpython-310.pyc
/home/amey/Desktop/ros2_ws/src/Ros_lidar_bot/install/Ros_lidar_bot/lib/python3.10/site-packages/Ros_lidar_bot/__pycache__/__init__.cpython-310.pyc
/home/amey/Desktop/ros2_ws/src/Ros_lidar_bot/install/Ros_lidar_bot/lib/python3.10/site-packages/Ros_lidar_bot/__pycache__/teleop_node.cpython-310.pyc
/home/amey/Desktop/ros2_ws/src/Ros_lidar_bot/install/Ros_lidar_bot/lib/python3.10/site-packages/Ros_lidar_bot/__pycache__/driver_control.cpython-310.pyc
/home/amey/Desktop/ros2_ws/src/Ros_lidar_bot/install/Ros_lidar_bot/lib/python3.10/site-packages/Ros_lidar_bot/__pycache__/semantic_slam_node.cpython-310.pyc
/home/amey/Desktop/ros2_ws/src/Ros_lidar_bot/install/Ros_lidar_bot/lib/python3.10/site-packages/Ros_lidar_bot/__pycache__/safety_stop_node.cpython-310.pyc
/home/amey/Desktop/ros2_ws/src/Ros_lidar_bot/install/Ros_lidar_bot/lib/python3.10/site-packages/Ros_lidar_bot/__pycache__/driver_node.cpython-310.pyc
/home/amey/Desktop/ros2_ws/src/Ros_lidar_bot/install/Ros_lidar_bot/lib/python3.10/site-packages/Ros_lidar_bot/__pycache__/imu_node.cpython-310.pyc
/home/amey/Desktop/ros2_ws/src/Ros_lidar_bot/install/Ros_lidar_bot/lib/python3.10/site-packages/Ros_lidar_bot/__pycache__/frontier_explorer_node.cpython-310.pyc
/home/amey/Desktop/ros2_ws/src/Ros_lidar_bot/install/Ros_lidar_bot/lib/python3.10/site-packages/Ros_lidar_bot/__pycache__/non_safety_teleop_node.cpython-310.pyc
/home/amey/Desktop/ros2_ws/src/Ros_lidar_bot/install/Ros_lidar_bot/lib/python3.10/site-packages/Ros_lidar_bot/__pycache__/lidar_node.cpython-310.pyc
/home/amey/Desktop/ros2_ws/src/Ros_lidar_bot/install/Ros_lidar_bot/lib/python3.10/site-packages/Ros_lidar_bot/__pycache__/odom_node.cpython-310.pyc
/home/amey/Desktop/ros2_ws/src/Ros_lidar_bot/install/Ros_lidar_bot/share/Ros_lidar_bot/package.xml
/home/amey/Desktop/ros2_ws/src/Ros_lidar_bot/install/Ros_lidar_bot/share/Ros_lidar_bot/launch/autonomous_robot.launch.py
/home/amey/Desktop/ros2_ws/src/Ros_lidar_bot/install/Ros_lidar_bot/share/Ros_lidar_bot/launch/rsp.launch.py
/home/amey/Desktop/ros2_ws/src/Ros_lidar_bot/install/Ros_lidar_bot/share/Ros_lidar_bot/launch/launch_robot.launch.py
/home/amey/Desktop/ros2_ws/src/Ros_lidar_bot/install/Ros_lidar_bot/share/Ros_lidar_bot/config/mapper_params_online_sync.yaml
/home/amey/Desktop/ros2_ws/src/Ros_lidar_bot/install/Ros_lidar_bot/share/Ros_lidar_bot/config/mapper_params_offline.yaml
/home/amey/Desktop/ros2_ws/src/Ros_lidar_bot/install/Ros_lidar_bot/share/Ros_lidar_bot/config/mapper_params_localization.yaml
/home/amey/Desktop/ros2_ws/src/Ros_lidar_bot/install/Ros_lidar_bot/share/Ros_lidar_bot/config/nav2_params.yaml
/home/amey/Desktop/ros2_ws/src/Ros_lidar_bot/install/Ros_lidar_bot/share/Ros_lidar_bot/config/frontier_explorer.yaml
/home/amey/Desktop/ros2_ws/src/Ros_lidar_bot/install/Ros_lidar_bot/share/Ros_lidar_bot/config/mapper_params_lifelong.yaml
/home/amey/Desktop/ros2_ws/src/Ros_lidar_bot/install/Ros_lidar_bot/share/Ros_lidar_bot/config/mapper_params_online_async.yaml
/home/amey/Desktop/ros2_ws/src/Ros_lidar_bot/install/Ros_lidar_bot/share/Ros_lidar_bot/config/ekf.yaml
/home/amey/Desktop/ros2_ws/src/Ros_lidar_bot/install/Ros_lidar_bot/share/Ros_lidar_bot/description/imu.xacro
/home/amey/Desktop/ros2_ws/src/Ros_lidar_bot/install/Ros_lidar_bot/share/Ros_lidar_bot/description/camera.xacro
/home/amey/Desktop/ros2_ws/src/Ros_lidar_bot/install/Ros_lidar_bot/share/Ros_lidar_bot/description/lidar.xacro
/home/amey/Desktop/ros2_ws/src/Ros_lidar_bot/install/Ros_lidar_bot/share/Ros_lidar_bot/description/slam.xacro
/home/amey/Desktop/ros2_ws/src/Ros_lidar_bot/install/Ros_lidar_bot/share/Ros_lidar_bot/description/robot.urdf.xacro
/home/amey/Desktop/ros2_ws/src/Ros_lidar_bot/install/Ros_lidar_bot/share/Ros_lidar_bot/meshes/ball_caster_wheel_1.stl
/home/amey/Desktop/ros2_ws/src/Ros_lidar_bot/install/Ros_lidar_bot/share/Ros_lidar_bot/meshes/ball_caster_wheel__1__1.stl
/home/amey/Desktop/ros2_ws/src/Ros_lidar_bot/install/Ros_lidar_bot/share/Ros_lidar_bot/meshes/wheel_urdf_1.stl
/home/amey/Desktop/ros2_ws/src/Ros_lidar_bot/install/Ros_lidar_bot/share/Ros_lidar_bot/meshes/base_link.stl
/home/amey/Desktop/ros2_ws/src/Ros_lidar_bot/install/Ros_lidar_bot/share/Ros_lidar_bot/meshes/wheel_urdf__1__1.stl
/home/amey/Desktop/ros2_ws/src/Ros_lidar_bot/install/Ros_lidar_bot/share/Ros_lidar_bot/meshes/imu_for_urdf_1.stl
/home/amey/Desktop/ros2_ws/src/Ros_lidar_bot/install/Ros_lidar_bot/share/Ros_lidar_bot/meshes/lidar_urdf_1.stl
/home/amey/Desktop/ros2_ws/src/Ros_lidar_bot/install/Ros_lidar_bot/lib/python3.10/site-packages/Ros_lidar_bot-0.0.0-py3.10.egg-info/requires.txt
/home/amey/Desktop/ros2_ws/src/Ros_lidar_bot/install/Ros_lidar_bot/lib/python3.10/site-packages/Ros_lidar_bot-0.0.0-py3.10.egg-info/PKG-INFO
/home/amey/Desktop/ros2_ws/src/Ros_lidar_bot/install/Ros_lidar_bot/lib/python3.10/site-packages/Ros_lidar_bot-0.0.0-py3.10.egg-info/top_level.txt
/home/amey/Desktop/ros2_ws/src/Ros_lidar_bot/install/Ros_lidar_bot/lib/python3.10/site-packages/Ros_lidar_bot-0.0.0-py3.10.egg-info/entry_points.txt
/home/amey/Desktop/ros2_ws/src/Ros_lidar_bot/install/Ros_lidar_bot/lib/python3.10/site-packages/Ros_lidar_bot-0.0.0-py3.10.egg-info/dependency_links.txt
/home/amey/Desktop/ros2_ws/src/Ros_lidar_bot/install/Ros_lidar_bot/lib/python3.10/site-packages/Ros_lidar_bot-0.0.0-py3.10.egg-info/SOURCES.txt
/home/amey/Desktop/ros2_ws/src/Ros_lidar_bot/install/Ros_lidar_bot/lib/python3.10/site-packages/Ros_lidar_bot-0.0.0-py3.10.egg-info/zip-safe
/home/amey/Desktop/ros2_ws/src/Ros_lidar_bot/install/Ros_lidar_bot/lib/Ros_lidar_bot/driver_control
/home/amey/Desktop/ros2_ws/src/Ros_lidar_bot/install/Ros_lidar_bot/lib/Ros_lidar_bot/driver_node
/home/amey/Desktop/ros2_ws/src/Ros_lidar_bot/install/Ros_lidar_bot/lib/Ros_lidar_bot/frontier_explorer_node
/home/amey/Desktop/ros2_ws/src/Ros_lidar_bot/install/Ros_lidar_bot/lib/Ros_lidar_bot/imu_node
/home/amey/Desktop/ros2_ws/src/Ros_lidar_bot/install/Ros_lidar_bot/lib/Ros_lidar_bot/lidar_node
/home/amey/Desktop/ros2_ws/src/Ros_lidar_bot/install/Ros_lidar_bot/lib/Ros_lidar_bot/non_safety_teleop
/home/amey/Desktop/ros2_ws/src/Ros_lidar_bot/install/Ros_lidar_bot/lib/Ros_lidar_bot/odom_node
/home/amey/Desktop/ros2_ws/src/Ros_lidar_bot/install/Ros_lidar_bot/lib/Ros_lidar_bot/safety_stop_node
/home/amey/Desktop/ros2_ws/src/Ros_lidar_bot/install/Ros_lidar_bot/lib/Ros_lidar_bot/semantic_slam_node
/home/amey/Desktop/ros2_ws/src/Ros_lidar_bot/install/Ros_lidar_bot/lib/Ros_lidar_bot/teleop_node
/home/amey/Desktop/ros2_ws/src/Ros_lidar_bot/install/Ros_lidar_bot/lib/Ros_lidar_bot/yolo
