running egg_info
writing build/Ros_lidar_bot/Ros_lidar_bot.egg-info/PKG-INFO
writing dependency_links to build/Ros_lidar_bot/Ros_lidar_bot.egg-info/dependency_links.txt
writing entry points to build/Ros_lidar_bot/Ros_lidar_bot.egg-info/entry_points.txt
writing requirements to build/Ros_lidar_bot/Ros_lidar_bot.egg-info/requires.txt
writing top-level names to build/Ros_lidar_bot/Ros_lidar_bot.egg-info/top_level.txt
reading manifest file 'build/Ros_lidar_bot/Ros_lidar_bot.egg-info/SOURCES.txt'
adding license file 'LICENSE.md'
writing manifest file 'build/Ros_lidar_bot/Ros_lidar_bot.egg-info/SOURCES.txt'
running build
running build_py
running install
running install_lib
running install_data
copying description/imu.xacro -> /home/amey/Desktop/ros2_ws/src/Ros_lidar_bot/install/Ros_lidar_bot/share/Ros_lidar_bot/description
copying description/camera.xacro -> /home/amey/Desktop/ros2_ws/src/Ros_lidar_bot/install/Ros_lidar_bot/share/Ros_lidar_bot/description
copying description/lidar.xacro -> /home/amey/Desktop/ros2_ws/src/Ros_lidar_bot/install/Ros_lidar_bot/share/Ros_lidar_bot/description
copying description/slam.xacro -> /home/amey/Desktop/ros2_ws/src/Ros_lidar_bot/install/Ros_lidar_bot/share/Ros_lidar_bot/description
running install_egg_info
removing '/home/amey/Desktop/ros2_ws/src/Ros_lidar_bot/install/Ros_lidar_bot/lib/python3.10/site-packages/Ros_lidar_bot-0.0.0-py3.10.egg-info' (and everything under it)
Copying build/Ros_lidar_bot/Ros_lidar_bot.egg-info to /home/amey/Desktop/ros2_ws/src/Ros_lidar_bot/install/Ros_lidar_bot/lib/python3.10/site-packages/Ros_lidar_bot-0.0.0-py3.10.egg-info
running install_scripts
Installing driver_control script to /home/amey/Desktop/ros2_ws/src/Ros_lidar_bot/install/Ros_lidar_bot/lib/Ros_lidar_bot
Installing driver_node script to /home/amey/Desktop/ros2_ws/src/Ros_lidar_bot/install/Ros_lidar_bot/lib/Ros_lidar_bot
Installing frontier_explorer_node script to /home/amey/Desktop/ros2_ws/src/Ros_lidar_bot/install/Ros_lidar_bot/lib/Ros_lidar_bot
Installing imu_node script to /home/amey/Desktop/ros2_ws/src/Ros_lidar_bot/install/Ros_lidar_bot/lib/Ros_lidar_bot
Installing lidar_node script to /home/amey/Desktop/ros2_ws/src/Ros_lidar_bot/install/Ros_lidar_bot/lib/Ros_lidar_bot
Installing non_safety_teleop script to /home/amey/Desktop/ros2_ws/src/Ros_lidar_bot/install/Ros_lidar_bot/lib/Ros_lidar_bot
Installing odom_node script to /home/amey/Desktop/ros2_ws/src/Ros_lidar_bot/install/Ros_lidar_bot/lib/Ros_lidar_bot
Installing safety_stop_node script to /home/amey/Desktop/ros2_ws/src/Ros_lidar_bot/install/Ros_lidar_bot/lib/Ros_lidar_bot
Installing semantic_slam_node script to /home/amey/Desktop/ros2_ws/src/Ros_lidar_bot/install/Ros_lidar_bot/lib/Ros_lidar_bot
Installing teleop_node script to /home/amey/Desktop/ros2_ws/src/Ros_lidar_bot/install/Ros_lidar_bot/lib/Ros_lidar_bot
Installing yolo script to /home/amey/Desktop/ros2_ws/src/Ros_lidar_bot/install/Ros_lidar_bot/lib/Ros_lidar_bot
writing list of installed files to '/home/amey/Desktop/ros2_ws/src/Ros_lidar_bot/build/Ros_lidar_bot/install.log'
