[0.339s] Invoking command in '/home/amey/Desktop/ros2_ws/src/Ros_lidar_bot': PYTHONPATH=/home/amey/Desktop/ros2_ws/src/Ros_lidar_bot/build/Ros_lidar_bot/prefix_override:/usr/lib/python3/dist-packages/colcon_core/task/python/colcon_distutils_commands:/home/amey/Desktop/ros2_ws/src/Ros_lidar_bot/install/Ros_lidar_bot/lib/python3.10/site-packages:${PYTHONPATH} /usr/bin/python3 -W ignore:setup.py install is deprecated -W ignore:easy_install command is deprecated setup.py egg_info --egg-base build/Ros_lidar_bot build --build-base /home/amey/Desktop/ros2_ws/src/Ros_lidar_bot/build/Ros_lidar_bot/build install --record /home/amey/Desktop/ros2_ws/src/Ros_lidar_bot/build/Ros_lidar_bot/install.log --single-version-externally-managed install_data
[0.484s] running egg_info
[0.485s] writing build/Ros_lidar_bot/Ros_lidar_bot.egg-info/PKG-INFO
[0.485s] writing dependency_links to build/Ros_lidar_bot/Ros_lidar_bot.egg-info/dependency_links.txt
[0.485s] writing entry points to build/Ros_lidar_bot/Ros_lidar_bot.egg-info/entry_points.txt
[0.485s] writing requirements to build/Ros_lidar_bot/Ros_lidar_bot.egg-info/requires.txt
[0.485s] writing top-level names to build/Ros_lidar_bot/Ros_lidar_bot.egg-info/top_level.txt
[0.486s] reading manifest file 'build/Ros_lidar_bot/Ros_lidar_bot.egg-info/SOURCES.txt'
[0.486s] adding license file 'LICENSE.md'
[0.487s] writing manifest file 'build/Ros_lidar_bot/Ros_lidar_bot.egg-info/SOURCES.txt'
[0.487s] running build
[0.487s] running build_py
[0.487s] running install
[0.487s] running install_lib
[0.488s] running install_data
[0.488s] copying description/imu.xacro -> /home/amey/Desktop/ros2_ws/src/Ros_lidar_bot/install/Ros_lidar_bot/share/Ros_lidar_bot/description
[0.488s] copying description/camera.xacro -> /home/amey/Desktop/ros2_ws/src/Ros_lidar_bot/install/Ros_lidar_bot/share/Ros_lidar_bot/description
[0.488s] copying description/lidar.xacro -> /home/amey/Desktop/ros2_ws/src/Ros_lidar_bot/install/Ros_lidar_bot/share/Ros_lidar_bot/description
[0.488s] copying description/slam.xacro -> /home/amey/Desktop/ros2_ws/src/Ros_lidar_bot/install/Ros_lidar_bot/share/Ros_lidar_bot/description
[0.488s] running install_egg_info
[0.489s] removing '/home/amey/Desktop/ros2_ws/src/Ros_lidar_bot/install/Ros_lidar_bot/lib/python3.10/site-packages/Ros_lidar_bot-0.0.0-py3.10.egg-info' (and everything under it)
[0.490s] Copying build/Ros_lidar_bot/Ros_lidar_bot.egg-info to /home/amey/Desktop/ros2_ws/src/Ros_lidar_bot/install/Ros_lidar_bot/lib/python3.10/site-packages/Ros_lidar_bot-0.0.0-py3.10.egg-info
[0.490s] running install_scripts
[0.503s] Installing driver_control script to /home/amey/Desktop/ros2_ws/src/Ros_lidar_bot/install/Ros_lidar_bot/lib/Ros_lidar_bot
[0.503s] Installing driver_node script to /home/amey/Desktop/ros2_ws/src/Ros_lidar_bot/install/Ros_lidar_bot/lib/Ros_lidar_bot
[0.503s] Installing frontier_explorer_node script to /home/amey/Desktop/ros2_ws/src/Ros_lidar_bot/install/Ros_lidar_bot/lib/Ros_lidar_bot
[0.503s] Installing imu_node script to /home/amey/Desktop/ros2_ws/src/Ros_lidar_bot/install/Ros_lidar_bot/lib/Ros_lidar_bot
[0.503s] Installing lidar_node script to /home/amey/Desktop/ros2_ws/src/Ros_lidar_bot/install/Ros_lidar_bot/lib/Ros_lidar_bot
[0.503s] Installing non_safety_teleop script to /home/amey/Desktop/ros2_ws/src/Ros_lidar_bot/install/Ros_lidar_bot/lib/Ros_lidar_bot
[0.504s] Installing odom_node script to /home/amey/Desktop/ros2_ws/src/Ros_lidar_bot/install/Ros_lidar_bot/lib/Ros_lidar_bot
[0.504s] Installing safety_stop_node script to /home/amey/Desktop/ros2_ws/src/Ros_lidar_bot/install/Ros_lidar_bot/lib/Ros_lidar_bot
[0.504s] Installing semantic_slam_node script to /home/amey/Desktop/ros2_ws/src/Ros_lidar_bot/install/Ros_lidar_bot/lib/Ros_lidar_bot
[0.504s] Installing teleop_node script to /home/amey/Desktop/ros2_ws/src/Ros_lidar_bot/install/Ros_lidar_bot/lib/Ros_lidar_bot
[0.504s] Installing yolo script to /home/amey/Desktop/ros2_ws/src/Ros_lidar_bot/install/Ros_lidar_bot/lib/Ros_lidar_bot
[0.504s] writing list of installed files to '/home/amey/Desktop/ros2_ws/src/Ros_lidar_bot/build/Ros_lidar_bot/install.log'
[0.519s] Invoked command in '/home/amey/Desktop/ros2_ws/src/Ros_lidar_bot' returned '0': PYTHONPATH=/home/amey/Desktop/ros2_ws/src/Ros_lidar_bot/build/Ros_lidar_bot/prefix_override:/usr/lib/python3/dist-packages/colcon_core/task/python/colcon_distutils_commands:/home/amey/Desktop/ros2_ws/src/Ros_lidar_bot/install/Ros_lidar_bot/lib/python3.10/site-packages:${PYTHONPATH} /usr/bin/python3 -W ignore:setup.py install is deprecated -W ignore:easy_install command is deprecated setup.py egg_info --egg-base build/Ros_lidar_bot build --build-base /home/amey/Desktop/ros2_ws/src/Ros_lidar_bot/build/Ros_lidar_bot/build install --record /home/amey/Desktop/ros2_ws/src/Ros_lidar_bot/build/Ros_lidar_bot/install.log --single-version-externally-managed install_data
