Built target ament_cmake_python_copy_Ros_lidar_bot_setup
Built target ament_cmake_python_copy_Ros_lidar_bot
running egg_info
writing Ros_lidar_bot.egg-info/PKG-INFO
writing dependency_links to Ros_lidar_bot.egg-info/dependency_links.txt
writing top-level names to Ros_lidar_bot.egg-info/top_level.txt
reading manifest file 'Ros_lidar_bot.egg-info/SOURCES.txt'
writing manifest file 'Ros_lidar_bot.egg-info/SOURCES.txt'
Built target ament_cmake_python_build_Ros_lidar_bot_egg
-- Install configuration: ""
-- Up-to-date: /home/gautam/Ros_lidar_bot/install/Ros_lidar_bot/share/Ros_lidar_bot/environment/pythonpath.sh
-- Up-to-date: /home/gautam/Ros_lidar_bot/install/Ros_lidar_bot/share/Ros_lidar_bot/environment/pythonpath.dsv
-- Up-to-date: /home/gautam/Ros_lidar_bot/install/Ros_lidar_bot/local/lib/python3.10/dist-packages/Ros_lidar_bot-0.0.0-py3.10.egg-info
-- Installing: /home/gautam/Ros_lidar_bot/install/Ros_lidar_bot/local/lib/python3.10/dist-packages/Ros_lidar_bot-0.0.0-py3.10.egg-info/SOURCES.txt
-- Installing: /home/gautam/Ros_lidar_bot/install/Ros_lidar_bot/local/lib/python3.10/dist-packages/Ros_lidar_bot-0.0.0-py3.10.egg-info/PKG-INFO
-- Installing: /home/gautam/Ros_lidar_bot/install/Ros_lidar_bot/local/lib/python3.10/dist-packages/Ros_lidar_bot-0.0.0-py3.10.egg-info/top_level.txt
-- Installing: /home/gautam/Ros_lidar_bot/install/Ros_lidar_bot/local/lib/python3.10/dist-packages/Ros_lidar_bot-0.0.0-py3.10.egg-info/dependency_links.txt
-- Up-to-date: /home/gautam/Ros_lidar_bot/install/Ros_lidar_bot/local/lib/python3.10/dist-packages/Ros_lidar_bot
-- Up-to-date: /home/gautam/Ros_lidar_bot/install/Ros_lidar_bot/local/lib/python3.10/dist-packages/Ros_lidar_bot/__init__.py
-- Up-to-date: /home/gautam/Ros_lidar_bot/install/Ros_lidar_bot/local/lib/python3.10/dist-packages/Ros_lidar_bot/safety_stop_node.py
-- Up-to-date: /home/gautam/Ros_lidar_bot/install/Ros_lidar_bot/local/lib/python3.10/dist-packages/Ros_lidar_bot/teleop_node.py
-- Up-to-date: /home/gautam/Ros_lidar_bot/install/Ros_lidar_bot/local/lib/python3.10/dist-packages/Ros_lidar_bot/frontier_explorer_node.py
Listing '/home/gautam/Ros_lidar_bot/install/Ros_lidar_bot/local/lib/python3.10/dist-packages/Ros_lidar_bot'...
-- Up-to-date: /home/gautam/Ros_lidar_bot/install/Ros_lidar_bot/lib/Ros_lidar_bot/teleop_node.py
-- Up-to-date: /home/gautam/Ros_lidar_bot/install/Ros_lidar_bot/lib/Ros_lidar_bot/frontier_explorer_node.py
-- Up-to-date: /home/gautam/Ros_lidar_bot/install/Ros_lidar_bot/lib/Ros_lidar_bot/safety_stop_node.py
-- Up-to-date: /home/gautam/Ros_lidar_bot/install/Ros_lidar_bot/share/Ros_lidar_bot/scripts
-- Up-to-date: /home/gautam/Ros_lidar_bot/install/Ros_lidar_bot/share/Ros_lidar_bot/scripts/kill_sim.sh
-- Up-to-date: /home/gautam/Ros_lidar_bot/install/Ros_lidar_bot/share/Ros_lidar_bot/config
-- Up-to-date: /home/gautam/Ros_lidar_bot/install/Ros_lidar_bot/share/Ros_lidar_bot/config/view_bot.rviz
-- Up-to-date: /home/gautam/Ros_lidar_bot/install/Ros_lidar_bot/share/Ros_lidar_bot/config/mapper_params_lifelong.yaml
-- Up-to-date: /home/gautam/Ros_lidar_bot/install/Ros_lidar_bot/share/Ros_lidar_bot/config/empty.yaml
-- Up-to-date: /home/gautam/Ros_lidar_bot/install/Ros_lidar_bot/share/Ros_lidar_bot/config/mapper_params_online_async.yaml
-- Up-to-date: /home/gautam/Ros_lidar_bot/install/Ros_lidar_bot/share/Ros_lidar_bot/config/ekf.yaml
-- Up-to-date: /home/gautam/Ros_lidar_bot/install/Ros_lidar_bot/share/Ros_lidar_bot/config/nav2_params.yaml
-- Up-to-date: /home/gautam/Ros_lidar_bot/install/Ros_lidar_bot/share/Ros_lidar_bot/config/mapper_params_online_sync.yaml
-- Up-to-date: /home/gautam/Ros_lidar_bot/install/Ros_lidar_bot/share/Ros_lidar_bot/config/mapper_params_offline.yaml
-- Up-to-date: /home/gautam/Ros_lidar_bot/install/Ros_lidar_bot/share/Ros_lidar_bot/config/mapper_params_localization.yaml
-- Up-to-date: /home/gautam/Ros_lidar_bot/install/Ros_lidar_bot/share/Ros_lidar_bot/config/frontier_explorer.yaml
-- Up-to-date: /home/gautam/Ros_lidar_bot/install/Ros_lidar_bot/share/Ros_lidar_bot/description
-- Up-to-date: /home/gautam/Ros_lidar_bot/install/Ros_lidar_bot/share/Ros_lidar_bot/description/temp.xacro
-- Up-to-date: /home/gautam/Ros_lidar_bot/install/Ros_lidar_bot/share/Ros_lidar_bot/description/imu.xacro
-- Up-to-date: /home/gautam/Ros_lidar_bot/install/Ros_lidar_bot/share/Ros_lidar_bot/description/camera.xacro
-- Up-to-date: /home/gautam/Ros_lidar_bot/install/Ros_lidar_bot/share/Ros_lidar_bot/description/robot_control.xacro
-- Up-to-date: /home/gautam/Ros_lidar_bot/install/Ros_lidar_bot/share/Ros_lidar_bot/description/inertial_macros.xacro
-- Up-to-date: /home/gautam/Ros_lidar_bot/install/Ros_lidar_bot/share/Ros_lidar_bot/description/robot_core.xacro
-- Up-to-date: /home/gautam/Ros_lidar_bot/install/Ros_lidar_bot/share/Ros_lidar_bot/description/robot.urdf.xacro
-- Up-to-date: /home/gautam/Ros_lidar_bot/install/Ros_lidar_bot/share/Ros_lidar_bot/description/slam.gazebo
-- Up-to-date: /home/gautam/Ros_lidar_bot/install/Ros_lidar_bot/share/Ros_lidar_bot/description/materials.xacro
-- Up-to-date: /home/gautam/Ros_lidar_bot/install/Ros_lidar_bot/share/Ros_lidar_bot/description/slam.ros2control
-- Up-to-date: /home/gautam/Ros_lidar_bot/install/Ros_lidar_bot/share/Ros_lidar_bot/description/slam.xacro
-- Up-to-date: /home/gautam/Ros_lidar_bot/install/Ros_lidar_bot/share/Ros_lidar_bot/description/lidar.xacro
-- Up-to-date: /home/gautam/Ros_lidar_bot/install/Ros_lidar_bot/share/Ros_lidar_bot/launch
-- Up-to-date: /home/gautam/Ros_lidar_bot/install/Ros_lidar_bot/share/Ros_lidar_bot/launch/launch_sim.launch.py
-- Up-to-date: /home/gautam/Ros_lidar_bot/install/Ros_lidar_bot/share/Ros_lidar_bot/launch/autonomous_exploration.launch.py
-- Up-to-date: /home/gautam/Ros_lidar_bot/install/Ros_lidar_bot/share/Ros_lidar_bot/launch/rsp.launch.py
-- Up-to-date: /home/gautam/Ros_lidar_bot/install/Ros_lidar_bot/share/Ros_lidar_bot/worlds
-- Up-to-date: /home/gautam/Ros_lidar_bot/install/Ros_lidar_bot/share/Ros_lidar_bot/worlds/warehouse.world
-- Up-to-date: /home/gautam/Ros_lidar_bot/install/Ros_lidar_bot/share/Ros_lidar_bot/worlds/testing.world
-- Up-to-date: /home/gautam/Ros_lidar_bot/install/Ros_lidar_bot/share/Ros_lidar_bot/worlds/office.world
-- Up-to-date: /home/gautam/Ros_lidar_bot/install/Ros_lidar_bot/share/Ros_lidar_bot/worlds/empty.world
-- Up-to-date: /home/gautam/Ros_lidar_bot/install/Ros_lidar_bot/share/Ros_lidar_bot/worlds/yoyo.sdf
-- Up-to-date: /home/gautam/Ros_lidar_bot/install/Ros_lidar_bot/share/Ros_lidar_bot/meshes
-- Up-to-date: /home/gautam/Ros_lidar_bot/install/Ros_lidar_bot/share/Ros_lidar_bot/meshes/wheel_urdf_1.stl
-- Up-to-date: /home/gautam/Ros_lidar_bot/install/Ros_lidar_bot/share/Ros_lidar_bot/meshes/ball_caster_wheel__1__1.stl
-- Up-to-date: /home/gautam/Ros_lidar_bot/install/Ros_lidar_bot/share/Ros_lidar_bot/meshes/imu_for_urdf_1.stl
-- Up-to-date: /home/gautam/Ros_lidar_bot/install/Ros_lidar_bot/share/Ros_lidar_bot/meshes/base_link.stl
-- Up-to-date: /home/gautam/Ros_lidar_bot/install/Ros_lidar_bot/share/Ros_lidar_bot/meshes/ball_caster_wheel_1.stl
-- Up-to-date: /home/gautam/Ros_lidar_bot/install/Ros_lidar_bot/share/Ros_lidar_bot/meshes/wheel_urdf__1__1.stl
-- Up-to-date: /home/gautam/Ros_lidar_bot/install/Ros_lidar_bot/share/Ros_lidar_bot/meshes/lidar_urdf_1.stl
-- Up-to-date: /home/gautam/Ros_lidar_bot/install/Ros_lidar_bot/share/ament_index/resource_index/package_run_dependencies/Ros_lidar_bot
-- Up-to-date: /home/gautam/Ros_lidar_bot/install/Ros_lidar_bot/share/ament_index/resource_index/parent_prefix_path/Ros_lidar_bot
-- Up-to-date: /home/gautam/Ros_lidar_bot/install/Ros_lidar_bot/share/Ros_lidar_bot/environment/ament_prefix_path.sh
-- Up-to-date: /home/gautam/Ros_lidar_bot/install/Ros_lidar_bot/share/Ros_lidar_bot/environment/ament_prefix_path.dsv
-- Up-to-date: /home/gautam/Ros_lidar_bot/install/Ros_lidar_bot/share/Ros_lidar_bot/environment/path.sh
-- Up-to-date: /home/gautam/Ros_lidar_bot/install/Ros_lidar_bot/share/Ros_lidar_bot/environment/path.dsv
-- Up-to-date: /home/gautam/Ros_lidar_bot/install/Ros_lidar_bot/share/Ros_lidar_bot/local_setup.bash
-- Up-to-date: /home/gautam/Ros_lidar_bot/install/Ros_lidar_bot/share/Ros_lidar_bot/local_setup.sh
-- Up-to-date: /home/gautam/Ros_lidar_bot/install/Ros_lidar_bot/share/Ros_lidar_bot/local_setup.zsh
-- Up-to-date: /home/gautam/Ros_lidar_bot/install/Ros_lidar_bot/share/Ros_lidar_bot/local_setup.dsv
-- Installing: /home/gautam/Ros_lidar_bot/install/Ros_lidar_bot/share/Ros_lidar_bot/package.dsv
-- Up-to-date: /home/gautam/Ros_lidar_bot/install/Ros_lidar_bot/share/ament_index/resource_index/packages/Ros_lidar_bot
-- Up-to-date: /home/gautam/Ros_lidar_bot/install/Ros_lidar_bot/share/Ros_lidar_bot/cmake/Ros_lidar_botConfig.cmake
-- Up-to-date: /home/gautam/Ros_lidar_bot/install/Ros_lidar_bot/share/Ros_lidar_bot/cmake/Ros_lidar_botConfig-version.cmake
-- Up-to-date: /home/gautam/Ros_lidar_bot/install/Ros_lidar_bot/share/Ros_lidar_bot/package.xml
