[0.063s] DEBUG:colcon:Command line arguments: ['/usr/bin/colcon', 'build', '--packages-select', 'Ros_lidar_bot']
[0.063s] DEBUG:colcon:Parsed command line arguments: Namespace(log_base=None, log_level=None, verb_name='build', build_base='build', install_base='install', merge_install=False, symlink_install=False, test_result_base=None, continue_on_error=False, executor='parallel', parallel_workers=20, event_handlers=None, ignore_user_meta=False, metas=['./colcon.meta'], base_paths=['.'], packages_ignore=None, packages_ignore_regex=None, paths=None, packages_up_to=None, packages_up_to_regex=None, packages_above=None, packages_above_and_dependencies=None, packages_above_depth=None, packages_select_by_dep=None, packages_skip_by_dep=None, packages_skip_up_to=None, packages_select_build_failed=False, packages_skip_build_finished=False, packages_select_test_failures=False, packages_skip_test_passed=False, packages_select=['Ros_lidar_bot'], packages_skip=None, packages_select_regex=None, packages_skip_regex=None, packages_start=None, packages_end=None, allow_overriding=[], cmake_args=None, cmake_target=None, cmake_target_skip_unavailable=False, cmake_clean_cache=False, cmake_clean_first=False, cmake_force_configure=False, ament_cmake_args=None, catkin_cmake_args=None, catkin_skip_building_tests=False, mixin_files=None, mixin=None, verb_parser=<colcon_mixin.mixin.mixin_argument.MixinArgumentDecorator object at 0x7b227ab6ae60>, verb_extension=<colcon_core.verb.build.BuildVerb object at 0x7b227ab6a8f0>, main=<bound method BuildVerb.main of <colcon_core.verb.build.BuildVerb object at 0x7b227ab6a8f0>>, mixin_verb=('build',))
[0.160s] Level 1:colcon.colcon_core.package_discovery:discover_packages(colcon_meta) check parameters
[0.160s] Level 1:colcon.colcon_core.package_discovery:discover_packages(recursive) check parameters
[0.160s] Level 1:colcon.colcon_core.package_discovery:discover_packages(ignore) check parameters
[0.160s] Level 1:colcon.colcon_core.package_discovery:discover_packages(path) check parameters
[0.160s] Level 1:colcon.colcon_core.package_discovery:discover_packages(colcon_meta) discover
[0.160s] Level 1:colcon.colcon_core.package_discovery:discover_packages(recursive) discover
[0.160s] INFO:colcon.colcon_core.package_discovery:Crawling recursively for packages in '/home/amey/Desktop/ros2_ws/src/Ros_lidar_bot'
[0.160s] Level 1:colcon.colcon_core.package_identification:_identify(.) by extensions ['ignore', 'ignore_ament_install']
[0.160s] Level 1:colcon.colcon_core.package_identification:_identify(.) by extension 'ignore'
[0.161s] Level 1:colcon.colcon_core.package_identification:_identify(.) by extension 'ignore_ament_install'
[0.161s] Level 1:colcon.colcon_core.package_identification:_identify(.) by extensions ['colcon_pkg']
[0.161s] Level 1:colcon.colcon_core.package_identification:_identify(.) by extension 'colcon_pkg'
[0.161s] Level 1:colcon.colcon_core.package_identification:_identify(.) by extensions ['colcon_meta']
[0.161s] Level 1:colcon.colcon_core.package_identification:_identify(.) by extension 'colcon_meta'
[0.161s] Level 1:colcon.colcon_core.package_identification:_identify(.) by extensions ['ros']
[0.161s] Level 1:colcon.colcon_core.package_identification:_identify(.) by extension 'ros'
[0.169s] DEBUG:colcon.colcon_core.package_identification:Package '.' with type 'ros.ament_python' and name 'Ros_lidar_bot'
[0.169s] Level 1:colcon.colcon_core.package_discovery:discover_packages(recursive) using defaults
[0.169s] Level 1:colcon.colcon_core.package_discovery:discover_packages(ignore) discover
[0.169s] Level 1:colcon.colcon_core.package_discovery:discover_packages(ignore) using defaults
[0.169s] Level 1:colcon.colcon_core.package_discovery:discover_packages(path) discover
[0.169s] Level 1:colcon.colcon_core.package_discovery:discover_packages(path) using defaults
[0.189s] Level 1:colcon.colcon_core.package_discovery:discover_packages(prefix_path) check parameters
[0.189s] Level 1:colcon.colcon_core.package_discovery:discover_packages(prefix_path) discover
[0.190s] DEBUG:colcon.colcon_installed_package_information.package_discovery:Found 1 installed packages in /home/amey/Desktop/ros2_ws/src/Ros_lidar_bot/install
[0.190s] DEBUG:colcon.colcon_installed_package_information.package_discovery:Found 1 installed packages in /home/amey/Desktop/ros2_ws/install
[0.191s] DEBUG:colcon.colcon_installed_package_information.package_discovery:Found 336 installed packages in /opt/ros/humble
[0.192s] Level 1:colcon.colcon_core.package_discovery:discover_packages(prefix_path) using defaults
[0.215s] Level 5:colcon.colcon_core.verb:set package 'Ros_lidar_bot' build argument 'cmake_args' from command line to 'None'
[0.215s] Level 5:colcon.colcon_core.verb:set package 'Ros_lidar_bot' build argument 'cmake_target' from command line to 'None'
[0.215s] Level 5:colcon.colcon_core.verb:set package 'Ros_lidar_bot' build argument 'cmake_target_skip_unavailable' from command line to 'False'
[0.215s] Level 5:colcon.colcon_core.verb:set package 'Ros_lidar_bot' build argument 'cmake_clean_cache' from command line to 'False'
[0.215s] Level 5:colcon.colcon_core.verb:set package 'Ros_lidar_bot' build argument 'cmake_clean_first' from command line to 'False'
[0.215s] Level 5:colcon.colcon_core.verb:set package 'Ros_lidar_bot' build argument 'cmake_force_configure' from command line to 'False'
[0.215s] Level 5:colcon.colcon_core.verb:set package 'Ros_lidar_bot' build argument 'ament_cmake_args' from command line to 'None'
[0.215s] Level 5:colcon.colcon_core.verb:set package 'Ros_lidar_bot' build argument 'catkin_cmake_args' from command line to 'None'
[0.215s] Level 5:colcon.colcon_core.verb:set package 'Ros_lidar_bot' build argument 'catkin_skip_building_tests' from command line to 'False'
[0.215s] DEBUG:colcon.colcon_core.verb:Building package 'Ros_lidar_bot' with the following arguments: {'ament_cmake_args': None, 'build_base': '/home/amey/Desktop/ros2_ws/src/Ros_lidar_bot/build/Ros_lidar_bot', 'catkin_cmake_args': None, 'catkin_skip_building_tests': False, 'cmake_args': None, 'cmake_clean_cache': False, 'cmake_clean_first': False, 'cmake_force_configure': False, 'cmake_target': None, 'cmake_target_skip_unavailable': False, 'install_base': '/home/amey/Desktop/ros2_ws/src/Ros_lidar_bot/install/Ros_lidar_bot', 'merge_install': False, 'path': '/home/amey/Desktop/ros2_ws/src/Ros_lidar_bot', 'symlink_install': False, 'test_result_base': None}
[0.215s] INFO:colcon.colcon_core.executor:Executing jobs using 'parallel' executor
[0.216s] DEBUG:colcon.colcon_parallel_executor.executor.parallel:run_until_complete
[0.216s] INFO:colcon.colcon_ros.task.ament_python.build:Building ROS package in '/home/amey/Desktop/ros2_ws/src/Ros_lidar_bot' with build type 'ament_python'
[0.216s] Level 1:colcon.colcon_core.shell:create_environment_hook('Ros_lidar_bot', 'ament_prefix_path')
[0.218s] INFO:colcon.colcon_core.plugin_system:Skipping extension 'colcon_core.shell.bat': Not used on non-Windows systems
[0.218s] INFO:colcon.colcon_core.shell:Creating environment hook '/home/amey/Desktop/ros2_ws/src/Ros_lidar_bot/install/Ros_lidar_bot/share/Ros_lidar_bot/hook/ament_prefix_path.ps1'
[0.218s] INFO:colcon.colcon_core.shell:Creating environment descriptor '/home/amey/Desktop/ros2_ws/src/Ros_lidar_bot/install/Ros_lidar_bot/share/Ros_lidar_bot/hook/ament_prefix_path.dsv'
[0.218s] INFO:colcon.colcon_core.shell:Creating environment hook '/home/amey/Desktop/ros2_ws/src/Ros_lidar_bot/install/Ros_lidar_bot/share/Ros_lidar_bot/hook/ament_prefix_path.sh'
[0.219s] INFO:colcon.colcon_core.shell:Skip shell extension 'powershell' for command environment: Not usable outside of PowerShell
[0.219s] DEBUG:colcon.colcon_core.shell:Skip shell extension 'dsv' for command environment
[0.371s] WARNING:colcon.colcon_ros.task.ament_python.build:Package 'Ros_lidar_bot' doesn't explicitly install a marker in the package index (colcon-ros currently does it implicitly but that fallback will be removed in the future)
[0.371s] INFO:colcon.colcon_core.task.python.build:Building Python package in '/home/amey/Desktop/ros2_ws/src/Ros_lidar_bot'
[0.372s] INFO:colcon.colcon_core.shell:Skip shell extension 'powershell' for command environment: Not usable outside of PowerShell
[0.372s] DEBUG:colcon.colcon_core.shell:Skip shell extension 'dsv' for command environment
[0.556s] DEBUG:colcon.colcon_core.event_handler.log_command:Invoking command in '/home/amey/Desktop/ros2_ws/src/Ros_lidar_bot': PYTHONPATH=/home/amey/Desktop/ros2_ws/src/Ros_lidar_bot/build/Ros_lidar_bot/prefix_override:/usr/lib/python3/dist-packages/colcon_core/task/python/colcon_distutils_commands:/home/amey/Desktop/ros2_ws/src/Ros_lidar_bot/install/Ros_lidar_bot/lib/python3.10/site-packages:${PYTHONPATH} /usr/bin/python3 -W ignore:setup.py install is deprecated -W ignore:easy_install command is deprecated setup.py egg_info --egg-base build/Ros_lidar_bot build --build-base /home/amey/Desktop/ros2_ws/src/Ros_lidar_bot/build/Ros_lidar_bot/build install --record /home/amey/Desktop/ros2_ws/src/Ros_lidar_bot/build/Ros_lidar_bot/install.log --single-version-externally-managed install_data
[0.736s] DEBUG:colcon.colcon_core.event_handler.log_command:Invoked command in '/home/amey/Desktop/ros2_ws/src/Ros_lidar_bot' returned '0': PYTHONPATH=/home/amey/Desktop/ros2_ws/src/Ros_lidar_bot/build/Ros_lidar_bot/prefix_override:/usr/lib/python3/dist-packages/colcon_core/task/python/colcon_distutils_commands:/home/amey/Desktop/ros2_ws/src/Ros_lidar_bot/install/Ros_lidar_bot/lib/python3.10/site-packages:${PYTHONPATH} /usr/bin/python3 -W ignore:setup.py install is deprecated -W ignore:easy_install command is deprecated setup.py egg_info --egg-base build/Ros_lidar_bot build --build-base /home/amey/Desktop/ros2_ws/src/Ros_lidar_bot/build/Ros_lidar_bot/build install --record /home/amey/Desktop/ros2_ws/src/Ros_lidar_bot/build/Ros_lidar_bot/install.log --single-version-externally-managed install_data
[0.737s] Level 1:colcon.colcon_core.environment:checking '/home/amey/Desktop/ros2_ws/src/Ros_lidar_bot/install/Ros_lidar_bot' for CMake module files
[0.737s] Level 1:colcon.colcon_core.environment:checking '/home/amey/Desktop/ros2_ws/src/Ros_lidar_bot/install/Ros_lidar_bot' for CMake config files
[0.738s] Level 1:colcon.colcon_core.environment:checking '/home/amey/Desktop/ros2_ws/src/Ros_lidar_bot/install/Ros_lidar_bot/lib'
[0.738s] Level 1:colcon.colcon_core.environment:checking '/home/amey/Desktop/ros2_ws/src/Ros_lidar_bot/install/Ros_lidar_bot/bin'
[0.738s] Level 1:colcon.colcon_core.environment:checking '/home/amey/Desktop/ros2_ws/src/Ros_lidar_bot/install/Ros_lidar_bot/lib/pkgconfig/Ros_lidar_bot.pc'
[0.738s] Level 1:colcon.colcon_core.environment:checking '/home/amey/Desktop/ros2_ws/src/Ros_lidar_bot/install/Ros_lidar_bot/lib/python3.10/site-packages'
[0.738s] Level 1:colcon.colcon_core.shell:create_environment_hook('Ros_lidar_bot', 'pythonpath')
[0.738s] INFO:colcon.colcon_core.shell:Creating environment hook '/home/amey/Desktop/ros2_ws/src/Ros_lidar_bot/install/Ros_lidar_bot/share/Ros_lidar_bot/hook/pythonpath.ps1'
[0.738s] INFO:colcon.colcon_core.shell:Creating environment descriptor '/home/amey/Desktop/ros2_ws/src/Ros_lidar_bot/install/Ros_lidar_bot/share/Ros_lidar_bot/hook/pythonpath.dsv'
[0.739s] INFO:colcon.colcon_core.shell:Creating environment hook '/home/amey/Desktop/ros2_ws/src/Ros_lidar_bot/install/Ros_lidar_bot/share/Ros_lidar_bot/hook/pythonpath.sh'
[0.739s] Level 1:colcon.colcon_core.environment:checking '/home/amey/Desktop/ros2_ws/src/Ros_lidar_bot/install/Ros_lidar_bot/bin'
[0.739s] Level 1:colcon.colcon_core.environment:create_environment_scripts_only(Ros_lidar_bot)
[0.739s] INFO:colcon.colcon_core.shell:Creating package script '/home/amey/Desktop/ros2_ws/src/Ros_lidar_bot/install/Ros_lidar_bot/share/Ros_lidar_bot/package.ps1'
[0.740s] INFO:colcon.colcon_core.shell:Creating package descriptor '/home/amey/Desktop/ros2_ws/src/Ros_lidar_bot/install/Ros_lidar_bot/share/Ros_lidar_bot/package.dsv'
[0.740s] INFO:colcon.colcon_core.shell:Creating package script '/home/amey/Desktop/ros2_ws/src/Ros_lidar_bot/install/Ros_lidar_bot/share/Ros_lidar_bot/package.sh'
[0.740s] INFO:colcon.colcon_core.shell:Creating package script '/home/amey/Desktop/ros2_ws/src/Ros_lidar_bot/install/Ros_lidar_bot/share/Ros_lidar_bot/package.bash'
[0.741s] INFO:colcon.colcon_core.shell:Creating package script '/home/amey/Desktop/ros2_ws/src/Ros_lidar_bot/install/Ros_lidar_bot/share/Ros_lidar_bot/package.zsh'
[0.741s] Level 1:colcon.colcon_core.environment:create_file_with_runtime_dependencies(/home/amey/Desktop/ros2_ws/src/Ros_lidar_bot/install/Ros_lidar_bot/share/colcon-core/packages/Ros_lidar_bot)
[0.741s] DEBUG:colcon.colcon_parallel_executor.executor.parallel:closing loop
[0.742s] DEBUG:colcon.colcon_parallel_executor.executor.parallel:loop closed
[0.742s] DEBUG:colcon.colcon_parallel_executor.executor.parallel:run_until_complete finished with '0'
[0.742s] DEBUG:colcon.colcon_core.event_reactor:joining thread
[0.746s] INFO:colcon.colcon_core.plugin_system:Skipping extension 'colcon_notification.desktop_notification.terminal_notifier': Not used on non-Darwin systems
[0.746s] INFO:colcon.colcon_core.plugin_system:Skipping extension 'colcon_notification.desktop_notification.win32': Not used on non-Windows systems
[0.746s] INFO:colcon.colcon_notification.desktop_notification:Sending desktop notification using 'notify2'
[0.754s] DEBUG:colcon.colcon_core.event_reactor:joined thread
[0.754s] INFO:colcon.colcon_core.shell:Creating prefix script '/home/amey/Desktop/ros2_ws/src/Ros_lidar_bot/install/local_setup.ps1'
[0.755s] INFO:colcon.colcon_core.shell:Creating prefix util module '/home/amey/Desktop/ros2_ws/src/Ros_lidar_bot/install/_local_setup_util_ps1.py'
[0.756s] INFO:colcon.colcon_core.shell:Creating prefix chain script '/home/amey/Desktop/ros2_ws/src/Ros_lidar_bot/install/setup.ps1'
[0.756s] INFO:colcon.colcon_core.shell:Creating prefix script '/home/amey/Desktop/ros2_ws/src/Ros_lidar_bot/install/local_setup.sh'
[0.757s] INFO:colcon.colcon_core.shell:Creating prefix util module '/home/amey/Desktop/ros2_ws/src/Ros_lidar_bot/install/_local_setup_util_sh.py'
[0.757s] INFO:colcon.colcon_core.shell:Creating prefix chain script '/home/amey/Desktop/ros2_ws/src/Ros_lidar_bot/install/setup.sh'
[0.758s] INFO:colcon.colcon_core.shell:Creating prefix script '/home/amey/Desktop/ros2_ws/src/Ros_lidar_bot/install/local_setup.bash'
[0.758s] INFO:colcon.colcon_core.shell:Creating prefix chain script '/home/amey/Desktop/ros2_ws/src/Ros_lidar_bot/install/setup.bash'
[0.758s] INFO:colcon.colcon_core.shell:Creating prefix script '/home/amey/Desktop/ros2_ws/src/Ros_lidar_bot/install/local_setup.zsh'
[0.759s] INFO:colcon.colcon_core.shell:Creating prefix chain script '/home/amey/Desktop/ros2_ws/src/Ros_lidar_bot/install/setup.zsh'
