[0.156s] DEBUG:colcon:Command line arguments: ['/usr/bin/colcon', 'build']
[0.156s] DEBUG:colcon:Parsed command line arguments: Namespace(log_base=None, log_level=None, verb_name='build', build_base='build', install_base='install', merge_install=False, symlink_install=False, test_result_base=None, continue_on_error=False, executor='parallel', parallel_workers=16, event_handlers=None, ignore_user_meta=False, metas=['./colcon.meta'], base_paths=['.'], packages_ignore=None, packages_ignore_regex=None, paths=None, packages_up_to=None, packages_up_to_regex=None, packages_above=None, packages_above_and_dependencies=None, packages_above_depth=None, packages_select_by_dep=None, packages_skip_by_dep=None, packages_skip_up_to=None, packages_select_build_failed=False, packages_skip_build_finished=False, packages_select_test_failures=False, packages_skip_test_passed=False, packages_select=None, packages_skip=None, packages_select_regex=None, packages_skip_regex=None, packages_start=None, packages_end=None, allow_overriding=[], cmake_args=None, cmake_target=None, cmake_target_skip_unavailable=False, cmake_clean_cache=False, cmake_clean_first=False, cmake_force_configure=False, ament_cmake_args=None, catkin_cmake_args=None, catkin_skip_building_tests=False, verb_parser=<colcon_defaults.argument_parser.defaults.DefaultArgumentsDecorator object at 0x7dae30a3b9a0>, verb_extension=<colcon_core.verb.build.BuildVerb object at 0x7dae30a3b490>, main=<bound method BuildVerb.main of <colcon_core.verb.build.BuildVerb object at 0x7dae30a3b490>>)
[0.292s] Level 1:colcon.colcon_core.package_discovery:discover_packages(colcon_meta) check parameters
[0.292s] Level 1:colcon.colcon_core.package_discovery:discover_packages(recursive) check parameters
[0.292s] Level 1:colcon.colcon_core.package_discovery:discover_packages(ignore) check parameters
[0.292s] Level 1:colcon.colcon_core.package_discovery:discover_packages(path) check parameters
[0.292s] Level 1:colcon.colcon_core.package_discovery:discover_packages(colcon_meta) discover
[0.292s] Level 1:colcon.colcon_core.package_discovery:discover_packages(recursive) discover
[0.292s] INFO:colcon.colcon_core.package_discovery:Crawling recursively for packages in '/home/gautam/Ros_lidar_bot'
[0.292s] Level 1:colcon.colcon_core.package_identification:_identify(.) by extensions ['ignore', 'ignore_ament_install']
[0.292s] Level 1:colcon.colcon_core.package_identification:_identify(.) by extension 'ignore'
[0.292s] Level 1:colcon.colcon_core.package_identification:_identify(.) by extension 'ignore_ament_install'
[0.292s] Level 1:colcon.colcon_core.package_identification:_identify(.) by extensions ['colcon_pkg']
[0.292s] Level 1:colcon.colcon_core.package_identification:_identify(.) by extension 'colcon_pkg'
[0.292s] Level 1:colcon.colcon_core.package_identification:_identify(.) by extensions ['colcon_meta']
[0.292s] Level 1:colcon.colcon_core.package_identification:_identify(.) by extension 'colcon_meta'
[0.292s] Level 1:colcon.colcon_core.package_identification:_identify(.) by extensions ['ros']
[0.292s] Level 1:colcon.colcon_core.package_identification:_identify(.) by extension 'ros'
[0.303s] DEBUG:colcon.colcon_core.package_identification:Package '.' with type 'ros.ament_cmake' and name 'Ros_lidar_bot'
[0.303s] Level 1:colcon.colcon_core.package_discovery:discover_packages(recursive) using defaults
[0.303s] Level 1:colcon.colcon_core.package_discovery:discover_packages(ignore) discover
[0.303s] Level 1:colcon.colcon_core.package_discovery:discover_packages(ignore) using defaults
[0.303s] Level 1:colcon.colcon_core.package_discovery:discover_packages(path) discover
[0.303s] Level 1:colcon.colcon_core.package_discovery:discover_packages(path) using defaults
[0.326s] Level 1:colcon.colcon_core.package_discovery:discover_packages(prefix_path) check parameters
[0.326s] Level 1:colcon.colcon_core.package_discovery:discover_packages(prefix_path) discover
[0.328s] DEBUG:colcon.colcon_installed_package_information.package_discovery:Found 348 installed packages in /opt/ros/humble
[0.329s] Level 1:colcon.colcon_core.package_discovery:discover_packages(prefix_path) using defaults
[0.355s] Level 5:colcon.colcon_core.verb:set package 'Ros_lidar_bot' build argument 'cmake_args' from command line to 'None'
[0.355s] Level 5:colcon.colcon_core.verb:set package 'Ros_lidar_bot' build argument 'cmake_target' from command line to 'None'
[0.355s] Level 5:colcon.colcon_core.verb:set package 'Ros_lidar_bot' build argument 'cmake_target_skip_unavailable' from command line to 'False'
[0.355s] Level 5:colcon.colcon_core.verb:set package 'Ros_lidar_bot' build argument 'cmake_clean_cache' from command line to 'False'
[0.355s] Level 5:colcon.colcon_core.verb:set package 'Ros_lidar_bot' build argument 'cmake_clean_first' from command line to 'False'
[0.355s] Level 5:colcon.colcon_core.verb:set package 'Ros_lidar_bot' build argument 'cmake_force_configure' from command line to 'False'
[0.355s] Level 5:colcon.colcon_core.verb:set package 'Ros_lidar_bot' build argument 'ament_cmake_args' from command line to 'None'
[0.355s] Level 5:colcon.colcon_core.verb:set package 'Ros_lidar_bot' build argument 'catkin_cmake_args' from command line to 'None'
[0.355s] Level 5:colcon.colcon_core.verb:set package 'Ros_lidar_bot' build argument 'catkin_skip_building_tests' from command line to 'False'
[0.355s] DEBUG:colcon.colcon_core.verb:Building package 'Ros_lidar_bot' with the following arguments: {'ament_cmake_args': None, 'build_base': '/home/gautam/Ros_lidar_bot/build/Ros_lidar_bot', 'catkin_cmake_args': None, 'catkin_skip_building_tests': False, 'cmake_args': None, 'cmake_clean_cache': False, 'cmake_clean_first': False, 'cmake_force_configure': False, 'cmake_target': None, 'cmake_target_skip_unavailable': False, 'install_base': '/home/gautam/Ros_lidar_bot/install/Ros_lidar_bot', 'merge_install': False, 'path': '/home/gautam/Ros_lidar_bot', 'symlink_install': False, 'test_result_base': None}
[0.355s] INFO:colcon.colcon_core.executor:Executing jobs using 'parallel' executor
[0.356s] DEBUG:colcon.colcon_parallel_executor.executor.parallel:run_until_complete
[0.356s] INFO:colcon.colcon_ros.task.ament_cmake.build:Building ROS package in '/home/gautam/Ros_lidar_bot' with build type 'ament_cmake'
[0.356s] INFO:colcon.colcon_cmake.task.cmake.build:Building CMake package in '/home/gautam/Ros_lidar_bot'
[0.358s] INFO:colcon.colcon_core.plugin_system:Skipping extension 'colcon_core.shell.bat': Not used on non-Windows systems
[0.358s] INFO:colcon.colcon_core.shell:Skip shell extension 'powershell' for command environment: Not usable outside of PowerShell
[0.358s] DEBUG:colcon.colcon_core.shell:Skip shell extension 'dsv' for command environment
[0.366s] DEBUG:colcon.colcon_core.event_handler.log_command:Invoking command in '/home/gautam/Ros_lidar_bot/build/Ros_lidar_bot': CMAKE_PREFIX_PATH=/opt/ros/humble /usr/bin/cmake --build /home/gautam/Ros_lidar_bot/build/Ros_lidar_bot -- -j16 -l16
[0.658s] DEBUG:colcon.colcon_core.event_handler.log_command:Invoked command in '/home/gautam/Ros_lidar_bot/build/Ros_lidar_bot' returned '0': CMAKE_PREFIX_PATH=/opt/ros/humble /usr/bin/cmake --build /home/gautam/Ros_lidar_bot/build/Ros_lidar_bot -- -j16 -l16
[0.673s] DEBUG:colcon.colcon_core.event_handler.log_command:Invoking command in '/home/gautam/Ros_lidar_bot/build/Ros_lidar_bot': CMAKE_PREFIX_PATH=/opt/ros/humble /usr/bin/cmake --install /home/gautam/Ros_lidar_bot/build/Ros_lidar_bot
[0.722s] Level 1:colcon.colcon_core.environment:create_environment_scripts_only(Ros_lidar_bot)
[0.724s] DEBUG:colcon.colcon_core.event_handler.log_command:Invoked command in '/home/gautam/Ros_lidar_bot/build/Ros_lidar_bot' returned '0': CMAKE_PREFIX_PATH=/opt/ros/humble /usr/bin/cmake --install /home/gautam/Ros_lidar_bot/build/Ros_lidar_bot
[0.727s] Level 1:colcon.colcon_core.environment:checking '/home/gautam/Ros_lidar_bot/install/Ros_lidar_bot' for CMake module files
[0.728s] Level 1:colcon.colcon_core.environment:checking '/home/gautam/Ros_lidar_bot/install/Ros_lidar_bot' for CMake config files
[0.728s] Level 1:colcon.colcon_core.shell:create_environment_hook('Ros_lidar_bot', 'cmake_prefix_path')
[0.728s] INFO:colcon.colcon_core.shell:Creating environment hook '/home/gautam/Ros_lidar_bot/install/Ros_lidar_bot/share/Ros_lidar_bot/hook/cmake_prefix_path.ps1'
[0.729s] INFO:colcon.colcon_core.shell:Creating environment descriptor '/home/gautam/Ros_lidar_bot/install/Ros_lidar_bot/share/Ros_lidar_bot/hook/cmake_prefix_path.dsv'
[0.729s] INFO:colcon.colcon_core.shell:Creating environment hook '/home/gautam/Ros_lidar_bot/install/Ros_lidar_bot/share/Ros_lidar_bot/hook/cmake_prefix_path.sh'
[0.730s] Level 1:colcon.colcon_core.environment:checking '/home/gautam/Ros_lidar_bot/install/Ros_lidar_bot/lib'
[0.730s] Level 1:colcon.colcon_core.environment:checking '/home/gautam/Ros_lidar_bot/install/Ros_lidar_bot/bin'
[0.730s] Level 1:colcon.colcon_core.environment:checking '/home/gautam/Ros_lidar_bot/install/Ros_lidar_bot/lib/pkgconfig/Ros_lidar_bot.pc'
[0.730s] Level 1:colcon.colcon_core.environment:checking '/home/gautam/Ros_lidar_bot/install/Ros_lidar_bot/lib/python3.10/site-packages'
[0.731s] Level 1:colcon.colcon_core.environment:checking '/home/gautam/Ros_lidar_bot/install/Ros_lidar_bot/bin'
[0.731s] INFO:colcon.colcon_core.shell:Creating package script '/home/gautam/Ros_lidar_bot/install/Ros_lidar_bot/share/Ros_lidar_bot/package.ps1'
[0.732s] INFO:colcon.colcon_core.shell:Creating package descriptor '/home/gautam/Ros_lidar_bot/install/Ros_lidar_bot/share/Ros_lidar_bot/package.dsv'
[0.733s] INFO:colcon.colcon_core.shell:Creating package script '/home/gautam/Ros_lidar_bot/install/Ros_lidar_bot/share/Ros_lidar_bot/package.sh'
[0.733s] INFO:colcon.colcon_core.shell:Creating package script '/home/gautam/Ros_lidar_bot/install/Ros_lidar_bot/share/Ros_lidar_bot/package.bash'
[0.734s] INFO:colcon.colcon_core.shell:Creating package script '/home/gautam/Ros_lidar_bot/install/Ros_lidar_bot/share/Ros_lidar_bot/package.zsh'
[0.735s] Level 1:colcon.colcon_core.environment:create_file_with_runtime_dependencies(/home/gautam/Ros_lidar_bot/install/Ros_lidar_bot/share/colcon-core/packages/Ros_lidar_bot)
[0.736s] Level 1:colcon.colcon_core.environment:create_environment_scripts_only(Ros_lidar_bot)
[0.736s] Level 1:colcon.colcon_core.environment:checking '/home/gautam/Ros_lidar_bot/install/Ros_lidar_bot' for CMake module files
[0.737s] Level 1:colcon.colcon_core.environment:checking '/home/gautam/Ros_lidar_bot/install/Ros_lidar_bot' for CMake config files
[0.737s] Level 1:colcon.colcon_core.shell:create_environment_hook('Ros_lidar_bot', 'cmake_prefix_path')
[0.737s] INFO:colcon.colcon_core.shell:Creating environment hook '/home/gautam/Ros_lidar_bot/install/Ros_lidar_bot/share/Ros_lidar_bot/hook/cmake_prefix_path.ps1'
[0.738s] INFO:colcon.colcon_core.shell:Creating environment descriptor '/home/gautam/Ros_lidar_bot/install/Ros_lidar_bot/share/Ros_lidar_bot/hook/cmake_prefix_path.dsv'
[0.738s] INFO:colcon.colcon_core.shell:Creating environment hook '/home/gautam/Ros_lidar_bot/install/Ros_lidar_bot/share/Ros_lidar_bot/hook/cmake_prefix_path.sh'
[0.738s] Level 1:colcon.colcon_core.environment:checking '/home/gautam/Ros_lidar_bot/install/Ros_lidar_bot/lib'
[0.739s] Level 1:colcon.colcon_core.environment:checking '/home/gautam/Ros_lidar_bot/install/Ros_lidar_bot/bin'
[0.739s] Level 1:colcon.colcon_core.environment:checking '/home/gautam/Ros_lidar_bot/install/Ros_lidar_bot/lib/pkgconfig/Ros_lidar_bot.pc'
[0.739s] Level 1:colcon.colcon_core.environment:checking '/home/gautam/Ros_lidar_bot/install/Ros_lidar_bot/lib/python3.10/site-packages'
[0.739s] Level 1:colcon.colcon_core.environment:checking '/home/gautam/Ros_lidar_bot/install/Ros_lidar_bot/bin'
[0.739s] INFO:colcon.colcon_core.shell:Creating package script '/home/gautam/Ros_lidar_bot/install/Ros_lidar_bot/share/Ros_lidar_bot/package.ps1'
[0.740s] INFO:colcon.colcon_core.shell:Creating package descriptor '/home/gautam/Ros_lidar_bot/install/Ros_lidar_bot/share/Ros_lidar_bot/package.dsv'
[0.740s] INFO:colcon.colcon_core.shell:Creating package script '/home/gautam/Ros_lidar_bot/install/Ros_lidar_bot/share/Ros_lidar_bot/package.sh'
[0.740s] INFO:colcon.colcon_core.shell:Creating package script '/home/gautam/Ros_lidar_bot/install/Ros_lidar_bot/share/Ros_lidar_bot/package.bash'
[0.741s] INFO:colcon.colcon_core.shell:Creating package script '/home/gautam/Ros_lidar_bot/install/Ros_lidar_bot/share/Ros_lidar_bot/package.zsh'
[0.741s] Level 1:colcon.colcon_core.environment:create_file_with_runtime_dependencies(/home/gautam/Ros_lidar_bot/install/Ros_lidar_bot/share/colcon-core/packages/Ros_lidar_bot)
[0.741s] DEBUG:colcon.colcon_parallel_executor.executor.parallel:closing loop
[0.741s] DEBUG:colcon.colcon_parallel_executor.executor.parallel:loop closed
[0.741s] DEBUG:colcon.colcon_parallel_executor.executor.parallel:run_until_complete finished with '0'
[0.741s] DEBUG:colcon.colcon_core.event_reactor:joining thread
[0.745s] INFO:colcon.colcon_core.plugin_system:Skipping extension 'colcon_notification.desktop_notification.terminal_notifier': Not used on non-Darwin systems
[0.745s] INFO:colcon.colcon_core.plugin_system:Skipping extension 'colcon_notification.desktop_notification.win32': Not used on non-Windows systems
[0.745s] INFO:colcon.colcon_notification.desktop_notification:Sending desktop notification using 'notify2'
[0.757s] DEBUG:colcon.colcon_core.event_reactor:joined thread
[0.757s] INFO:colcon.colcon_core.shell:Creating prefix script '/home/gautam/Ros_lidar_bot/install/local_setup.ps1'
[0.758s] INFO:colcon.colcon_core.shell:Creating prefix util module '/home/gautam/Ros_lidar_bot/install/_local_setup_util_ps1.py'
[0.760s] INFO:colcon.colcon_core.shell:Creating prefix chain script '/home/gautam/Ros_lidar_bot/install/setup.ps1'
[0.761s] INFO:colcon.colcon_core.shell:Creating prefix script '/home/gautam/Ros_lidar_bot/install/local_setup.sh'
[0.762s] INFO:colcon.colcon_core.shell:Creating prefix util module '/home/gautam/Ros_lidar_bot/install/_local_setup_util_sh.py'
[0.762s] INFO:colcon.colcon_core.shell:Creating prefix chain script '/home/gautam/Ros_lidar_bot/install/setup.sh'
[0.763s] INFO:colcon.colcon_core.shell:Creating prefix script '/home/gautam/Ros_lidar_bot/install/local_setup.bash'
[0.763s] INFO:colcon.colcon_core.shell:Creating prefix chain script '/home/gautam/Ros_lidar_bot/install/setup.bash'
[0.764s] INFO:colcon.colcon_core.shell:Creating prefix script '/home/gautam/Ros_lidar_bot/install/local_setup.zsh'
[0.764s] INFO:colcon.colcon_core.shell:Creating prefix chain script '/home/gautam/Ros_lidar_bot/install/setup.zsh'
