[0.008s] Invoking command in '/home/gautam/Ros_lidar_bot/build/Ros_lidar_bot': CMAKE_PREFIX_PATH=/opt/ros/humble /usr/bin/cmake /home/gautam/Ros_lidar_bot -DCMAKE_INSTALL_PREFIX=/home/gautam/Ros_lidar_bot/install/Ros_lidar_bot
[0.086s] -- The C compiler identification is GNU 11.4.0
[0.142s] -- The CXX compiler identification is GNU 11.4.0
[0.147s] -- Detecting C compiler ABI info
[0.217s] -- Detecting C compiler ABI info - done
[0.226s] -- Check for working C compiler: /usr/bin/cc - skipped
[0.227s] -- Detecting C compile features
[0.227s] -- Detecting C compile features - done
[0.231s] -- Detecting CXX compiler ABI info
[0.313s] -- Detecting CXX compiler ABI info - done
[0.323s] -- Check for working CXX compiler: /usr/bin/c++ - skipped
[0.323s] -- Detecting CXX compile features
[0.324s] -- Detecting CXX compile features - done
[0.327s] -- Found ament_cmake: 1.3.14 (/opt/ros/humble/share/ament_cmake/cmake)
[0.483s] -- Found Python3: /usr/bin/python3 (found version "3.10.12") found components: Interpreter 
[0.545s] -- Found rclpy: 3.3.21 (/opt/ros/humble/share/rclpy/cmake)
[0.546s] -- Found geometry_msgs: 4.9.1 (/opt/ros/humble/share/geometry_msgs/cmake)
[0.567s] -- Found rosidl_generator_c: 3.1.8 (/opt/ros/humble/share/rosidl_generator_c/cmake)
[0.570s] -- Found rosidl_adapter: 3.1.8 (/opt/ros/humble/share/rosidl_adapter/cmake)
[0.575s] -- Found rosidl_generator_cpp: 3.1.8 (/opt/ros/humble/share/rosidl_generator_cpp/cmake)
[0.582s] -- Using all available rosidl_typesupport_c: rosidl_typesupport_fastrtps_c;rosidl_typesupport_introspection_c
[0.592s] -- Using all available rosidl_typesupport_cpp: rosidl_typesupport_fastrtps_cpp;rosidl_typesupport_introspection_cpp
[0.616s] -- Found sensor_msgs: 4.9.1 (/opt/ros/humble/share/sensor_msgs/cmake)
[0.627s] -- Found ament_lint_auto: 0.12.15 (/opt/ros/humble/share/ament_lint_auto/cmake)
[0.662s] WARNING: Package name "Ros_lidar_bot" does not follow the naming conventions. It should start with a lower case letter and only contain lower case letters, digits, underscores, and dashes.
[0.698s] -- Added test 'copyright' to check source files copyright and LICENSE
[0.702s] -- Added test 'cppcheck' to perform static code analysis on C / C++ code
[0.702s] -- Configured cppcheck include dirs: 
[0.702s] -- Configured cppcheck exclude dirs and/or files: 
[0.706s] -- Added test 'cpplint' to check C / C++ code against the Google style
[0.706s] -- Configured cpplint exclude dirs and/or files: 
[0.706s] -- Added test 'flake8' to check Python code syntax and style conventions
[0.707s] -- Added test 'lint_cmake' to check CMake code style
[0.708s] -- Added test 'pep257' to check Python code against some of the docstring style conventions in PEP 257
[0.712s] -- Added test 'uncrustify' to check C / C++ code style
[0.712s] -- Configured uncrustify additional arguments: 
[0.712s] -- Added test 'xmllint' to check XML markup files
[0.713s] -- Configuring done
[0.716s] -- Generating done
[0.717s] -- Build files have been written to: /home/gautam/Ros_lidar_bot/build/Ros_lidar_bot
[0.724s] Invoked command in '/home/gautam/Ros_lidar_bot/build/Ros_lidar_bot' returned '0': CMAKE_PREFIX_PATH=/opt/ros/humble /usr/bin/cmake /home/gautam/Ros_lidar_bot -DCMAKE_INSTALL_PREFIX=/home/gautam/Ros_lidar_bot/install/Ros_lidar_bot
[0.724s] Invoking command in '/home/gautam/Ros_lidar_bot/build/Ros_lidar_bot': CMAKE_PREFIX_PATH=/opt/ros/humble /usr/bin/cmake --build /home/gautam/Ros_lidar_bot/build/Ros_lidar_bot -- -j16 -l16
[0.776s] Built target ament_cmake_python_copy_Ros_lidar_bot
[0.781s] Built target ament_cmake_python_copy_Ros_lidar_bot_setup
[0.932s] running egg_info
[0.932s] creating Ros_lidar_bot.egg-info
[0.932s] writing Ros_lidar_bot.egg-info/PKG-INFO
[0.932s] writing dependency_links to Ros_lidar_bot.egg-info/dependency_links.txt
[0.932s] writing top-level names to Ros_lidar_bot.egg-info/top_level.txt
[0.932s] writing manifest file 'Ros_lidar_bot.egg-info/SOURCES.txt'
[0.933s] reading manifest file 'Ros_lidar_bot.egg-info/SOURCES.txt'
[0.934s] writing manifest file 'Ros_lidar_bot.egg-info/SOURCES.txt'
[0.954s] Built target ament_cmake_python_build_Ros_lidar_bot_egg
[0.965s] Invoked command in '/home/gautam/Ros_lidar_bot/build/Ros_lidar_bot' returned '0': CMAKE_PREFIX_PATH=/opt/ros/humble /usr/bin/cmake --build /home/gautam/Ros_lidar_bot/build/Ros_lidar_bot -- -j16 -l16
[0.976s] Invoking command in '/home/gautam/Ros_lidar_bot/build/Ros_lidar_bot': CMAKE_PREFIX_PATH=/opt/ros/humble /usr/bin/cmake --install /home/gautam/Ros_lidar_bot/build/Ros_lidar_bot
[0.983s] -- Install configuration: ""
[0.983s] -- Installing: /home/gautam/Ros_lidar_bot/install/Ros_lidar_bot/share/Ros_lidar_bot/environment/pythonpath.sh
[0.983s] -- Installing: /home/gautam/Ros_lidar_bot/install/Ros_lidar_bot/share/Ros_lidar_bot/environment/pythonpath.dsv
[0.983s] -- Installing: /home/gautam/Ros_lidar_bot/install/Ros_lidar_bot/local/lib/python3.10/dist-packages/Ros_lidar_bot-0.0.0-py3.10.egg-info
[0.983s] -- Installing: /home/gautam/Ros_lidar_bot/install/Ros_lidar_bot/local/lib/python3.10/dist-packages/Ros_lidar_bot-0.0.0-py3.10.egg-info/SOURCES.txt
[0.983s] -- Installing: /home/gautam/Ros_lidar_bot/install/Ros_lidar_bot/local/lib/python3.10/dist-packages/Ros_lidar_bot-0.0.0-py3.10.egg-info/PKG-INFO
[0.983s] -- Installing: /home/gautam/Ros_lidar_bot/install/Ros_lidar_bot/local/lib/python3.10/dist-packages/Ros_lidar_bot-0.0.0-py3.10.egg-info/top_level.txt
[0.983s] -- Installing: /home/gautam/Ros_lidar_bot/install/Ros_lidar_bot/local/lib/python3.10/dist-packages/Ros_lidar_bot-0.0.0-py3.10.egg-info/dependency_links.txt
[0.983s] -- Installing: /home/gautam/Ros_lidar_bot/install/Ros_lidar_bot/local/lib/python3.10/dist-packages/Ros_lidar_bot
[0.983s] -- Installing: /home/gautam/Ros_lidar_bot/install/Ros_lidar_bot/local/lib/python3.10/dist-packages/Ros_lidar_bot/__init__.py
[0.983s] -- Installing: /home/gautam/Ros_lidar_bot/install/Ros_lidar_bot/local/lib/python3.10/dist-packages/Ros_lidar_bot/safety_stop_node.py
[0.983s] -- Installing: /home/gautam/Ros_lidar_bot/install/Ros_lidar_bot/local/lib/python3.10/dist-packages/Ros_lidar_bot/teleop_node.py
[0.983s] -- Installing: /home/gautam/Ros_lidar_bot/install/Ros_lidar_bot/local/lib/python3.10/dist-packages/Ros_lidar_bot/frontier_explorer_node.py
[1.013s] Listing '/home/gautam/Ros_lidar_bot/install/Ros_lidar_bot/local/lib/python3.10/dist-packages/Ros_lidar_bot'...
[1.013s] Compiling '/home/gautam/Ros_lidar_bot/install/Ros_lidar_bot/local/lib/python3.10/dist-packages/Ros_lidar_bot/__init__.py'...
[1.013s] Compiling '/home/gautam/Ros_lidar_bot/install/Ros_lidar_bot/local/lib/python3.10/dist-packages/Ros_lidar_bot/frontier_explorer_node.py'...
[1.013s] Compiling '/home/gautam/Ros_lidar_bot/install/Ros_lidar_bot/local/lib/python3.10/dist-packages/Ros_lidar_bot/safety_stop_node.py'...
[1.013s] Compiling '/home/gautam/Ros_lidar_bot/install/Ros_lidar_bot/local/lib/python3.10/dist-packages/Ros_lidar_bot/teleop_node.py'...
[1.016s] -- Installing: /home/gautam/Ros_lidar_bot/install/Ros_lidar_bot/lib/Ros_lidar_bot/teleop_node.py
[1.016s] -- Installing: /home/gautam/Ros_lidar_bot/install/Ros_lidar_bot/lib/Ros_lidar_bot/frontier_explorer_node.py
[1.016s] -- Installing: /home/gautam/Ros_lidar_bot/install/Ros_lidar_bot/lib/Ros_lidar_bot/safety_stop_node.py
[1.016s] -- Installing: /home/gautam/Ros_lidar_bot/install/Ros_lidar_bot/share/Ros_lidar_bot/scripts
[1.016s] -- Installing: /home/gautam/Ros_lidar_bot/install/Ros_lidar_bot/share/Ros_lidar_bot/scripts/kill_sim.sh
[1.016s] -- Installing: /home/gautam/Ros_lidar_bot/install/Ros_lidar_bot/share/Ros_lidar_bot/config
[1.016s] -- Installing: /home/gautam/Ros_lidar_bot/install/Ros_lidar_bot/share/Ros_lidar_bot/config/view_bot.rviz
[1.016s] -- Installing: /home/gautam/Ros_lidar_bot/install/Ros_lidar_bot/share/Ros_lidar_bot/config/mapper_params_lifelong.yaml
[1.016s] -- Installing: /home/gautam/Ros_lidar_bot/install/Ros_lidar_bot/share/Ros_lidar_bot/config/empty.yaml
[1.016s] -- Installing: /home/gautam/Ros_lidar_bot/install/Ros_lidar_bot/share/Ros_lidar_bot/config/mapper_params_online_async.yaml
[1.016s] -- Installing: /home/gautam/Ros_lidar_bot/install/Ros_lidar_bot/share/Ros_lidar_bot/config/ekf.yaml
[1.016s] -- Installing: /home/gautam/Ros_lidar_bot/install/Ros_lidar_bot/share/Ros_lidar_bot/config/nav2_params.yaml
[1.017s] -- Installing: /home/gautam/Ros_lidar_bot/install/Ros_lidar_bot/share/Ros_lidar_bot/config/mapper_params_online_sync.yaml
[1.017s] -- Installing: /home/gautam/Ros_lidar_bot/install/Ros_lidar_bot/share/Ros_lidar_bot/config/mapper_params_offline.yaml
[1.017s] -- Installing: /home/gautam/Ros_lidar_bot/install/Ros_lidar_bot/share/Ros_lidar_bot/config/mapper_params_localization.yaml
[1.017s] -- Installing: /home/gautam/Ros_lidar_bot/install/Ros_lidar_bot/share/Ros_lidar_bot/config/frontier_explorer.yaml
[1.017s] -- Installing: /home/gautam/Ros_lidar_bot/install/Ros_lidar_bot/share/Ros_lidar_bot/description
[1.017s] -- Installing: /home/gautam/Ros_lidar_bot/install/Ros_lidar_bot/share/Ros_lidar_bot/description/temp.xacro
[1.017s] -- Installing: /home/gautam/Ros_lidar_bot/install/Ros_lidar_bot/share/Ros_lidar_bot/description/imu.xacro
[1.017s] -- Installing: /home/gautam/Ros_lidar_bot/install/Ros_lidar_bot/share/Ros_lidar_bot/description/camera.xacro
[1.017s] -- Installing: /home/gautam/Ros_lidar_bot/install/Ros_lidar_bot/share/Ros_lidar_bot/description/robot_control.xacro
[1.017s] -- Installing: /home/gautam/Ros_lidar_bot/install/Ros_lidar_bot/share/Ros_lidar_bot/description/inertial_macros.xacro
[1.017s] -- Installing: /home/gautam/Ros_lidar_bot/install/Ros_lidar_bot/share/Ros_lidar_bot/description/robot_core.xacro
[1.017s] -- Installing: /home/gautam/Ros_lidar_bot/install/Ros_lidar_bot/share/Ros_lidar_bot/description/robot.urdf.xacro
[1.017s] -- Installing: /home/gautam/Ros_lidar_bot/install/Ros_lidar_bot/share/Ros_lidar_bot/description/slam.gazebo
[1.017s] -- Installing: /home/gautam/Ros_lidar_bot/install/Ros_lidar_bot/share/Ros_lidar_bot/description/materials.xacro
[1.017s] -- Installing: /home/gautam/Ros_lidar_bot/install/Ros_lidar_bot/share/Ros_lidar_bot/description/slam.ros2control
[1.017s] -- Installing: /home/gautam/Ros_lidar_bot/install/Ros_lidar_bot/share/Ros_lidar_bot/description/slam.xacro
[1.017s] -- Installing: /home/gautam/Ros_lidar_bot/install/Ros_lidar_bot/share/Ros_lidar_bot/description/lidar.xacro
[1.017s] -- Installing: /home/gautam/Ros_lidar_bot/install/Ros_lidar_bot/share/Ros_lidar_bot/launch
[1.017s] -- Installing: /home/gautam/Ros_lidar_bot/install/Ros_lidar_bot/share/Ros_lidar_bot/launch/launch_sim.launch.py
[1.017s] -- Installing: /home/gautam/Ros_lidar_bot/install/Ros_lidar_bot/share/Ros_lidar_bot/launch/autonomous_exploration.launch.py
[1.017s] -- Installing: /home/gautam/Ros_lidar_bot/install/Ros_lidar_bot/share/Ros_lidar_bot/launch/rsp.launch.py
[1.017s] -- Installing: /home/gautam/Ros_lidar_bot/install/Ros_lidar_bot/share/Ros_lidar_bot/worlds
[1.017s] -- Installing: /home/gautam/Ros_lidar_bot/install/Ros_lidar_bot/share/Ros_lidar_bot/worlds/warehouse.world
[1.017s] -- Installing: /home/gautam/Ros_lidar_bot/install/Ros_lidar_bot/share/Ros_lidar_bot/worlds/testing.world
[1.017s] -- Installing: /home/gautam/Ros_lidar_bot/install/Ros_lidar_bot/share/Ros_lidar_bot/worlds/office.world
[1.018s] -- Installing: /home/gautam/Ros_lidar_bot/install/Ros_lidar_bot/share/Ros_lidar_bot/worlds/empty.world
[1.018s] -- Installing: /home/gautam/Ros_lidar_bot/install/Ros_lidar_bot/share/Ros_lidar_bot/worlds/yoyo.sdf
[1.018s] -- Installing: /home/gautam/Ros_lidar_bot/install/Ros_lidar_bot/share/Ros_lidar_bot/meshes
[1.018s] -- Installing: /home/gautam/Ros_lidar_bot/install/Ros_lidar_bot/share/Ros_lidar_bot/meshes/wheel_urdf_1.stl
[1.018s] -- Installing: /home/gautam/Ros_lidar_bot/install/Ros_lidar_bot/share/Ros_lidar_bot/meshes/ball_caster_wheel__1__1.stl
[1.018s] -- Installing: /home/gautam/Ros_lidar_bot/install/Ros_lidar_bot/share/Ros_lidar_bot/meshes/imu_for_urdf_1.stl
[1.019s] -- Installing: /home/gautam/Ros_lidar_bot/install/Ros_lidar_bot/share/Ros_lidar_bot/meshes/base_link.stl
[1.020s] -- Installing: /home/gautam/Ros_lidar_bot/install/Ros_lidar_bot/share/Ros_lidar_bot/meshes/ball_caster_wheel_1.stl
[1.020s] -- Installing: /home/gautam/Ros_lidar_bot/install/Ros_lidar_bot/share/Ros_lidar_bot/meshes/wheel_urdf__1__1.stl
[1.020s] -- Installing: /home/gautam/Ros_lidar_bot/install/Ros_lidar_bot/share/Ros_lidar_bot/meshes/lidar_urdf_1.stl
[1.021s] -- Installing: /home/gautam/Ros_lidar_bot/install/Ros_lidar_bot/share/ament_index/resource_index/package_run_dependencies/Ros_lidar_bot
[1.021s] -- Installing: /home/gautam/Ros_lidar_bot/install/Ros_lidar_bot/share/ament_index/resource_index/parent_prefix_path/Ros_lidar_bot
[1.021s] -- Installing: /home/gautam/Ros_lidar_bot/install/Ros_lidar_bot/share/Ros_lidar_bot/environment/ament_prefix_path.sh
[1.021s] -- Installing: /home/gautam/Ros_lidar_bot/install/Ros_lidar_bot/share/Ros_lidar_bot/environment/ament_prefix_path.dsv
[1.021s] -- Installing: /home/gautam/Ros_lidar_bot/install/Ros_lidar_bot/share/Ros_lidar_bot/environment/path.sh
[1.021s] -- Installing: /home/gautam/Ros_lidar_bot/install/Ros_lidar_bot/share/Ros_lidar_bot/environment/path.dsv
[1.021s] -- Installing: /home/gautam/Ros_lidar_bot/install/Ros_lidar_bot/share/Ros_lidar_bot/local_setup.bash
[1.021s] -- Installing: /home/gautam/Ros_lidar_bot/install/Ros_lidar_bot/share/Ros_lidar_bot/local_setup.sh
[1.021s] -- Installing: /home/gautam/Ros_lidar_bot/install/Ros_lidar_bot/share/Ros_lidar_bot/local_setup.zsh
[1.021s] -- Installing: /home/gautam/Ros_lidar_bot/install/Ros_lidar_bot/share/Ros_lidar_bot/local_setup.dsv
[1.021s] -- Installing: /home/gautam/Ros_lidar_bot/install/Ros_lidar_bot/share/Ros_lidar_bot/package.dsv
[1.021s] -- Installing: /home/gautam/Ros_lidar_bot/install/Ros_lidar_bot/share/ament_index/resource_index/packages/Ros_lidar_bot
[1.022s] -- Installing: /home/gautam/Ros_lidar_bot/install/Ros_lidar_bot/share/Ros_lidar_bot/cmake/Ros_lidar_botConfig.cmake
[1.022s] -- Installing: /home/gautam/Ros_lidar_bot/install/Ros_lidar_bot/share/Ros_lidar_bot/cmake/Ros_lidar_botConfig-version.cmake
[1.022s] -- Installing: /home/gautam/Ros_lidar_bot/install/Ros_lidar_bot/share/Ros_lidar_bot/package.xml
[1.023s] Invoked command in '/home/gautam/Ros_lidar_bot/build/Ros_lidar_bot' returned '0': CMAKE_PREFIX_PATH=/opt/ros/humble /usr/bin/cmake --install /home/gautam/Ros_lidar_bot/build/Ros_lidar_bot
