[0.064s] DEBUG:colcon:Command line arguments: ['/usr/bin/colcon', 'build']
[0.064s] DEBUG:colcon:Parsed command line arguments: Namespace(log_base=None, log_level=None, verb_name='build', build_base='build', install_base='install', merge_install=False, symlink_install=False, test_result_base=None, continue_on_error=False, executor='parallel', parallel_workers=16, event_handlers=None, ignore_user_meta=False, metas=['./colcon.meta'], base_paths=['.'], packages_ignore=None, packages_ignore_regex=None, paths=None, packages_up_to=None, packages_up_to_regex=None, packages_above=None, packages_above_and_dependencies=None, packages_above_depth=None, packages_select_by_dep=None, packages_skip_by_dep=None, packages_skip_up_to=None, packages_select_build_failed=False, packages_skip_build_finished=False, packages_select_test_failures=False, packages_skip_test_passed=False, packages_select=None, packages_skip=None, packages_select_regex=None, packages_skip_regex=None, packages_start=None, packages_end=None, allow_overriding=[], cmake_args=None, cmake_target=None, cmake_target_skip_unavailable=False, cmake_clean_cache=False, cmake_clean_first=False, cmake_force_configure=False, ament_cmake_args=None, catkin_cmake_args=None, catkin_skip_building_tests=False, verb_parser=<colcon_defaults.argument_parser.defaults.DefaultArgumentsDecorator object at 0x7ccb4203b730>, verb_extension=<colcon_core.verb.build.BuildVerb object at 0x7ccb4203b220>, main=<bound method BuildVerb.main of <colcon_core.verb.build.BuildVerb object at 0x7ccb4203b220>>)
[0.167s] Level 1:colcon.colcon_core.package_discovery:discover_packages(colcon_meta) check parameters
[0.167s] Level 1:colcon.colcon_core.package_discovery:discover_packages(recursive) check parameters
[0.167s] Level 1:colcon.colcon_core.package_discovery:discover_packages(ignore) check parameters
[0.167s] Level 1:colcon.colcon_core.package_discovery:discover_packages(path) check parameters
[0.167s] Level 1:colcon.colcon_core.package_discovery:discover_packages(colcon_meta) discover
[0.167s] Level 1:colcon.colcon_core.package_discovery:discover_packages(recursive) discover
[0.167s] INFO:colcon.colcon_core.package_discovery:Crawling recursively for packages in '/home/gautam/Ros_lidar_bot'
[0.167s] Level 1:colcon.colcon_core.package_identification:_identify(.) by extensions ['ignore', 'ignore_ament_install']
[0.167s] Level 1:colcon.colcon_core.package_identification:_identify(.) by extension 'ignore'
[0.167s] Level 1:colcon.colcon_core.package_identification:_identify(.) by extension 'ignore_ament_install'
[0.167s] Level 1:colcon.colcon_core.package_identification:_identify(.) by extensions ['colcon_pkg']
[0.167s] Level 1:colcon.colcon_core.package_identification:_identify(.) by extension 'colcon_pkg'
[0.167s] Level 1:colcon.colcon_core.package_identification:_identify(.) by extensions ['colcon_meta']
[0.167s] Level 1:colcon.colcon_core.package_identification:_identify(.) by extension 'colcon_meta'
[0.167s] Level 1:colcon.colcon_core.package_identification:_identify(.) by extensions ['ros']
[0.168s] Level 1:colcon.colcon_core.package_identification:_identify(.) by extension 'ros'
[0.178s] DEBUG:colcon.colcon_core.package_identification:Package '.' with type 'ros.ament_cmake' and name 'Ros_lidar_bot'
[0.178s] Level 1:colcon.colcon_core.package_discovery:discover_packages(recursive) using defaults
[0.178s] Level 1:colcon.colcon_core.package_discovery:discover_packages(ignore) discover
[0.178s] Level 1:colcon.colcon_core.package_discovery:discover_packages(ignore) using defaults
[0.178s] Level 1:colcon.colcon_core.package_discovery:discover_packages(path) discover
[0.178s] Level 1:colcon.colcon_core.package_discovery:discover_packages(path) using defaults
[0.192s] Level 1:colcon.colcon_core.package_discovery:discover_packages(prefix_path) check parameters
[0.192s] Level 1:colcon.colcon_core.package_discovery:discover_packages(prefix_path) discover
[0.193s] DEBUG:colcon.colcon_installed_package_information.package_discovery:Found 301 installed packages in /opt/ros/humble
[0.199s] Level 1:colcon.colcon_core.package_discovery:discover_packages(prefix_path) using defaults
[0.221s] Level 5:colcon.colcon_core.verb:set package 'Ros_lidar_bot' build argument 'cmake_args' from command line to 'None'
[0.222s] Level 5:colcon.colcon_core.verb:set package 'Ros_lidar_bot' build argument 'cmake_target' from command line to 'None'
[0.222s] Level 5:colcon.colcon_core.verb:set package 'Ros_lidar_bot' build argument 'cmake_target_skip_unavailable' from command line to 'False'
[0.222s] Level 5:colcon.colcon_core.verb:set package 'Ros_lidar_bot' build argument 'cmake_clean_cache' from command line to 'False'
[0.222s] Level 5:colcon.colcon_core.verb:set package 'Ros_lidar_bot' build argument 'cmake_clean_first' from command line to 'False'
[0.222s] Level 5:colcon.colcon_core.verb:set package 'Ros_lidar_bot' build argument 'cmake_force_configure' from command line to 'False'
[0.222s] Level 5:colcon.colcon_core.verb:set package 'Ros_lidar_bot' build argument 'ament_cmake_args' from command line to 'None'
[0.222s] Level 5:colcon.colcon_core.verb:set package 'Ros_lidar_bot' build argument 'catkin_cmake_args' from command line to 'None'
[0.222s] Level 5:colcon.colcon_core.verb:set package 'Ros_lidar_bot' build argument 'catkin_skip_building_tests' from command line to 'False'
[0.222s] DEBUG:colcon.colcon_core.verb:Building package 'Ros_lidar_bot' with the following arguments: {'ament_cmake_args': None, 'build_base': '/home/gautam/Ros_lidar_bot/build/Ros_lidar_bot', 'catkin_cmake_args': None, 'catkin_skip_building_tests': False, 'cmake_args': None, 'cmake_clean_cache': False, 'cmake_clean_first': False, 'cmake_force_configure': False, 'cmake_target': None, 'cmake_target_skip_unavailable': False, 'install_base': '/home/gautam/Ros_lidar_bot/install/Ros_lidar_bot', 'merge_install': False, 'path': '/home/gautam/Ros_lidar_bot', 'symlink_install': False, 'test_result_base': None}
[0.222s] INFO:colcon.colcon_core.executor:Executing jobs using 'parallel' executor
[0.222s] DEBUG:colcon.colcon_parallel_executor.executor.parallel:run_until_complete
[0.223s] INFO:colcon.colcon_ros.task.ament_cmake.build:Building ROS package in '/home/gautam/Ros_lidar_bot' with build type 'ament_cmake'
[0.223s] INFO:colcon.colcon_cmake.task.cmake.build:Building CMake package in '/home/gautam/Ros_lidar_bot'
[0.224s] INFO:colcon.colcon_core.plugin_system:Skipping extension 'colcon_core.shell.bat': Not used on non-Windows systems
[0.224s] INFO:colcon.colcon_core.shell:Skip shell extension 'powershell' for command environment: Not usable outside of PowerShell
[0.224s] DEBUG:colcon.colcon_core.shell:Skip shell extension 'dsv' for command environment
[0.231s] DEBUG:colcon.colcon_core.event_handler.log_command:Invoking command in '/home/gautam/Ros_lidar_bot/build/Ros_lidar_bot': CMAKE_PREFIX_PATH=/opt/ros/humble /usr/bin/cmake /home/gautam/Ros_lidar_bot -DCMAKE_INSTALL_PREFIX=/home/gautam/Ros_lidar_bot/install/Ros_lidar_bot
[0.947s] DEBUG:colcon.colcon_core.event_handler.log_command:Invoked command in '/home/gautam/Ros_lidar_bot/build/Ros_lidar_bot' returned '0': CMAKE_PREFIX_PATH=/opt/ros/humble /usr/bin/cmake /home/gautam/Ros_lidar_bot -DCMAKE_INSTALL_PREFIX=/home/gautam/Ros_lidar_bot/install/Ros_lidar_bot
[0.947s] DEBUG:colcon.colcon_core.event_handler.log_command:Invoking command in '/home/gautam/Ros_lidar_bot/build/Ros_lidar_bot': CMAKE_PREFIX_PATH=/opt/ros/humble /usr/bin/cmake --build /home/gautam/Ros_lidar_bot/build/Ros_lidar_bot -- -j16 -l16
[1.188s] DEBUG:colcon.colcon_core.event_handler.log_command:Invoked command in '/home/gautam/Ros_lidar_bot/build/Ros_lidar_bot' returned '0': CMAKE_PREFIX_PATH=/opt/ros/humble /usr/bin/cmake --build /home/gautam/Ros_lidar_bot/build/Ros_lidar_bot -- -j16 -l16
[1.200s] DEBUG:colcon.colcon_core.event_handler.log_command:Invoking command in '/home/gautam/Ros_lidar_bot/build/Ros_lidar_bot': CMAKE_PREFIX_PATH=/opt/ros/humble /usr/bin/cmake --install /home/gautam/Ros_lidar_bot/build/Ros_lidar_bot
[1.246s] Level 1:colcon.colcon_core.environment:create_environment_scripts_only(Ros_lidar_bot)
[1.246s] DEBUG:colcon.colcon_core.event_handler.log_command:Invoked command in '/home/gautam/Ros_lidar_bot/build/Ros_lidar_bot' returned '0': CMAKE_PREFIX_PATH=/opt/ros/humble /usr/bin/cmake --install /home/gautam/Ros_lidar_bot/build/Ros_lidar_bot
[1.249s] Level 1:colcon.colcon_core.environment:checking '/home/gautam/Ros_lidar_bot/install/Ros_lidar_bot' for CMake module files
[1.249s] Level 1:colcon.colcon_core.environment:checking '/home/gautam/Ros_lidar_bot/install/Ros_lidar_bot' for CMake config files
[1.250s] Level 1:colcon.colcon_core.shell:create_environment_hook('Ros_lidar_bot', 'cmake_prefix_path')
[1.250s] INFO:colcon.colcon_core.shell:Creating environment hook '/home/gautam/Ros_lidar_bot/install/Ros_lidar_bot/share/Ros_lidar_bot/hook/cmake_prefix_path.ps1'
[1.250s] INFO:colcon.colcon_core.shell:Creating environment descriptor '/home/gautam/Ros_lidar_bot/install/Ros_lidar_bot/share/Ros_lidar_bot/hook/cmake_prefix_path.dsv'
[1.250s] INFO:colcon.colcon_core.shell:Creating environment hook '/home/gautam/Ros_lidar_bot/install/Ros_lidar_bot/share/Ros_lidar_bot/hook/cmake_prefix_path.sh'
[1.251s] Level 1:colcon.colcon_core.environment:checking '/home/gautam/Ros_lidar_bot/install/Ros_lidar_bot/lib'
[1.251s] Level 1:colcon.colcon_core.environment:checking '/home/gautam/Ros_lidar_bot/install/Ros_lidar_bot/bin'
[1.251s] Level 1:colcon.colcon_core.environment:checking '/home/gautam/Ros_lidar_bot/install/Ros_lidar_bot/lib/pkgconfig/Ros_lidar_bot.pc'
[1.252s] Level 1:colcon.colcon_core.environment:checking '/home/gautam/Ros_lidar_bot/install/Ros_lidar_bot/lib/python3.10/site-packages'
[1.252s] Level 1:colcon.colcon_core.environment:checking '/home/gautam/Ros_lidar_bot/install/Ros_lidar_bot/bin'
[1.252s] INFO:colcon.colcon_core.shell:Creating package script '/home/gautam/Ros_lidar_bot/install/Ros_lidar_bot/share/Ros_lidar_bot/package.ps1'
[1.253s] INFO:colcon.colcon_core.shell:Creating package descriptor '/home/gautam/Ros_lidar_bot/install/Ros_lidar_bot/share/Ros_lidar_bot/package.dsv'
[1.254s] INFO:colcon.colcon_core.shell:Creating package script '/home/gautam/Ros_lidar_bot/install/Ros_lidar_bot/share/Ros_lidar_bot/package.sh'
[1.254s] INFO:colcon.colcon_core.shell:Creating package script '/home/gautam/Ros_lidar_bot/install/Ros_lidar_bot/share/Ros_lidar_bot/package.bash'
[1.255s] INFO:colcon.colcon_core.shell:Creating package script '/home/gautam/Ros_lidar_bot/install/Ros_lidar_bot/share/Ros_lidar_bot/package.zsh'
[1.256s] Level 1:colcon.colcon_core.environment:create_file_with_runtime_dependencies(/home/gautam/Ros_lidar_bot/install/Ros_lidar_bot/share/colcon-core/packages/Ros_lidar_bot)
[1.256s] Level 1:colcon.colcon_core.environment:create_environment_scripts_only(Ros_lidar_bot)
[1.257s] Level 1:colcon.colcon_core.environment:checking '/home/gautam/Ros_lidar_bot/install/Ros_lidar_bot' for CMake module files
[1.257s] Level 1:colcon.colcon_core.environment:checking '/home/gautam/Ros_lidar_bot/install/Ros_lidar_bot' for CMake config files
[1.257s] Level 1:colcon.colcon_core.shell:create_environment_hook('Ros_lidar_bot', 'cmake_prefix_path')
[1.257s] INFO:colcon.colcon_core.shell:Creating environment hook '/home/gautam/Ros_lidar_bot/install/Ros_lidar_bot/share/Ros_lidar_bot/hook/cmake_prefix_path.ps1'
[1.258s] INFO:colcon.colcon_core.shell:Creating environment descriptor '/home/gautam/Ros_lidar_bot/install/Ros_lidar_bot/share/Ros_lidar_bot/hook/cmake_prefix_path.dsv'
[1.258s] INFO:colcon.colcon_core.shell:Creating environment hook '/home/gautam/Ros_lidar_bot/install/Ros_lidar_bot/share/Ros_lidar_bot/hook/cmake_prefix_path.sh'
[1.259s] Level 1:colcon.colcon_core.environment:checking '/home/gautam/Ros_lidar_bot/install/Ros_lidar_bot/lib'
[1.259s] Level 1:colcon.colcon_core.environment:checking '/home/gautam/Ros_lidar_bot/install/Ros_lidar_bot/bin'
[1.259s] Level 1:colcon.colcon_core.environment:checking '/home/gautam/Ros_lidar_bot/install/Ros_lidar_bot/lib/pkgconfig/Ros_lidar_bot.pc'
[1.259s] Level 1:colcon.colcon_core.environment:checking '/home/gautam/Ros_lidar_bot/install/Ros_lidar_bot/lib/python3.10/site-packages'
[1.259s] Level 1:colcon.colcon_core.environment:checking '/home/gautam/Ros_lidar_bot/install/Ros_lidar_bot/bin'
[1.259s] INFO:colcon.colcon_core.shell:Creating package script '/home/gautam/Ros_lidar_bot/install/Ros_lidar_bot/share/Ros_lidar_bot/package.ps1'
[1.260s] INFO:colcon.colcon_core.shell:Creating package descriptor '/home/gautam/Ros_lidar_bot/install/Ros_lidar_bot/share/Ros_lidar_bot/package.dsv'
[1.260s] INFO:colcon.colcon_core.shell:Creating package script '/home/gautam/Ros_lidar_bot/install/Ros_lidar_bot/share/Ros_lidar_bot/package.sh'
[1.261s] INFO:colcon.colcon_core.shell:Creating package script '/home/gautam/Ros_lidar_bot/install/Ros_lidar_bot/share/Ros_lidar_bot/package.bash'
[1.261s] INFO:colcon.colcon_core.shell:Creating package script '/home/gautam/Ros_lidar_bot/install/Ros_lidar_bot/share/Ros_lidar_bot/package.zsh'
[1.261s] Level 1:colcon.colcon_core.environment:create_file_with_runtime_dependencies(/home/gautam/Ros_lidar_bot/install/Ros_lidar_bot/share/colcon-core/packages/Ros_lidar_bot)
[1.261s] DEBUG:colcon.colcon_parallel_executor.executor.parallel:closing loop
[1.262s] DEBUG:colcon.colcon_parallel_executor.executor.parallel:loop closed
[1.262s] DEBUG:colcon.colcon_parallel_executor.executor.parallel:run_until_complete finished with '0'
[1.262s] DEBUG:colcon.colcon_core.event_reactor:joining thread
[1.267s] INFO:colcon.colcon_core.plugin_system:Skipping extension 'colcon_notification.desktop_notification.terminal_notifier': Not used on non-Darwin systems
[1.267s] INFO:colcon.colcon_core.plugin_system:Skipping extension 'colcon_notification.desktop_notification.win32': Not used on non-Windows systems
[1.267s] INFO:colcon.colcon_notification.desktop_notification:Sending desktop notification using 'notify2'
[1.290s] DEBUG:colcon.colcon_core.event_reactor:joined thread
[1.291s] INFO:colcon.colcon_core.shell:Creating prefix script '/home/gautam/Ros_lidar_bot/install/local_setup.ps1'
[1.292s] INFO:colcon.colcon_core.shell:Creating prefix util module '/home/gautam/Ros_lidar_bot/install/_local_setup_util_ps1.py'
[1.293s] INFO:colcon.colcon_core.shell:Creating prefix chain script '/home/gautam/Ros_lidar_bot/install/setup.ps1'
[1.294s] INFO:colcon.colcon_core.shell:Creating prefix script '/home/gautam/Ros_lidar_bot/install/local_setup.sh'
[1.295s] INFO:colcon.colcon_core.shell:Creating prefix util module '/home/gautam/Ros_lidar_bot/install/_local_setup_util_sh.py'
[1.295s] INFO:colcon.colcon_core.shell:Creating prefix chain script '/home/gautam/Ros_lidar_bot/install/setup.sh'
[1.296s] INFO:colcon.colcon_core.shell:Creating prefix script '/home/gautam/Ros_lidar_bot/install/local_setup.bash'
[1.296s] INFO:colcon.colcon_core.shell:Creating prefix chain script '/home/gautam/Ros_lidar_bot/install/setup.bash'
[1.297s] INFO:colcon.colcon_core.shell:Creating prefix script '/home/gautam/Ros_lidar_bot/install/local_setup.zsh'
[1.297s] INFO:colcon.colcon_core.shell:Creating prefix chain script '/home/gautam/Ros_lidar_bot/install/setup.zsh'
